mode: atomic
github.com/XinFinOrg/XDPoSChain/common/path.go:29.44,31.2 1 0
github.com/XinFinOrg/XDPoSChain/common/path.go:33.38,35.38 2 0
github.com/XinFinOrg/XDPoSChain/common/path.go:39.2,39.13 1 0
github.com/XinFinOrg/XDPoSChain/common/path.go:35.38,37.3 1 0
github.com/XinFinOrg/XDPoSChain/common/path.go:42.59,43.30 1 0
github.com/XinFinOrg/XDPoSChain/common/path.go:46.2,46.41 1 0
github.com/XinFinOrg/XDPoSChain/common/path.go:43.30,45.3 1 0
github.com/XinFinOrg/XDPoSChain/common/size.go:28.38,29.17 1 3
github.com/XinFinOrg/XDPoSChain/common/size.go:29.17,31.3 1 1
github.com/XinFinOrg/XDPoSChain/common/size.go:31.8,31.21 1 2
github.com/XinFinOrg/XDPoSChain/common/size.go:31.21,33.3 1 1
github.com/XinFinOrg/XDPoSChain/common/size.go:33.8,35.3 1 1
github.com/XinFinOrg/XDPoSChain/common/size.go:40.46,41.17 1 0
github.com/XinFinOrg/XDPoSChain/common/size.go:41.17,43.3 1 0
github.com/XinFinOrg/XDPoSChain/common/size.go:43.8,43.21 1 0
github.com/XinFinOrg/XDPoSChain/common/size.go:43.21,45.3 1 0
github.com/XinFinOrg/XDPoSChain/common/size.go:45.8,47.3 1 0
github.com/XinFinOrg/XDPoSChain/common/types.go:66.33,70.2 3 1
github.com/XinFinOrg/XDPoSChain/common/types.go:71.34,71.67 1 0
github.com/XinFinOrg/XDPoSChain/common/types.go:72.34,72.67 1 0
github.com/XinFinOrg/XDPoSChain/common/types.go:73.34,73.91 1 0
github.com/XinFinOrg/XDPoSChain/common/types.go:74.34,74.68 1 0
github.com/XinFinOrg/XDPoSChain/common/types.go:77.30,77.53 1 0
github.com/XinFinOrg/XDPoSChain/common/types.go:78.30,78.45 1 0
github.com/XinFinOrg/XDPoSChain/common/types.go:79.30,79.68 1 0
github.com/XinFinOrg/XDPoSChain/common/types.go:80.30,80.61 1 0
github.com/XinFinOrg/XDPoSChain/common/types.go:84.39,86.2 1 0
github.com/XinFinOrg/XDPoSChain/common/types.go:90.31,92.2 1 0
github.com/XinFinOrg/XDPoSChain/common/types.go:96.43,98.2 1 0
github.com/XinFinOrg/XDPoSChain/common/types.go:101.50,103.2 1 0
github.com/XinFinOrg/XDPoSChain/common/types.go:106.50,108.2 1 6
github.com/XinFinOrg/XDPoSChain/common/types.go:111.45,113.2 1 0
github.com/XinFinOrg/XDPoSChain/common/types.go:116.35,117.21 1 1
github.com/XinFinOrg/XDPoSChain/common/types.go:121.2,121.32 1 1
github.com/XinFinOrg/XDPoSChain/common/types.go:117.21,119.3 1 0
github.com/XinFinOrg/XDPoSChain/common/types.go:125.36,125.61 1 0
github.com/XinFinOrg/XDPoSChain/common/types.go:128.32,129.26 1 0
github.com/XinFinOrg/XDPoSChain/common/types.go:129.26,131.3 1 0
github.com/XinFinOrg/XDPoSChain/common/types.go:135.65,137.34 2 0
github.com/XinFinOrg/XDPoSChain/common/types.go:140.2,140.27 1 0
github.com/XinFinOrg/XDPoSChain/common/types.go:137.34,139.3 1 0
github.com/XinFinOrg/XDPoSChain/common/types.go:143.29,145.2 1 0
github.com/XinFinOrg/XDPoSChain/common/types.go:151.60,153.2 1 0
github.com/XinFinOrg/XDPoSChain/common/types.go:156.55,158.2 1 0
github.com/XinFinOrg/XDPoSChain/common/types.go:165.39,169.2 3 80
github.com/XinFinOrg/XDPoSChain/common/types.go:171.40,171.76 1 0
github.com/XinFinOrg/XDPoSChain/common/types.go:175.39,175.75 1 0
github.com/XinFinOrg/XDPoSChain/common/types.go:179.37,179.74 1 80
github.com/XinFinOrg/XDPoSChain/common/types.go:183.34,184.21 1 9
github.com/XinFinOrg/XDPoSChain/common/types.go:187.2,187.21 1 9
github.com/XinFinOrg/XDPoSChain/common/types.go:190.2,190.46 1 9
github.com/XinFinOrg/XDPoSChain/common/types.go:184.21,186.3 1 7
github.com/XinFinOrg/XDPoSChain/common/types.go:187.21,189.3 1 0
github.com/XinFinOrg/XDPoSChain/common/types.go:194.33,194.56 1 0
github.com/XinFinOrg/XDPoSChain/common/types.go:195.33,195.48 1 0
github.com/XinFinOrg/XDPoSChain/common/types.go:196.33,196.71 1 4
github.com/XinFinOrg/XDPoSChain/common/types.go:197.33,197.61 1 0
github.com/XinFinOrg/XDPoSChain/common/types.go:200.31,207.35 6 8
github.com/XinFinOrg/XDPoSChain/common/types.go:218.2,218.31 1 8
github.com/XinFinOrg/XDPoSChain/common/types.go:207.35,209.15 2 320
github.com/XinFinOrg/XDPoSChain/common/types.go:214.3,214.38 1 320
github.com/XinFinOrg/XDPoSChain/common/types.go:209.15,211.4 1 160
github.com/XinFinOrg/XDPoSChain/common/types.go:211.9,213.4 1 160
github.com/XinFinOrg/XDPoSChain/common/types.go:214.38,216.4 1 41
github.com/XinFinOrg/XDPoSChain/common/types.go:222.34,224.2 1 0
github.com/XinFinOrg/XDPoSChain/common/types.go:228.46,230.2 1 0
github.com/XinFinOrg/XDPoSChain/common/types.go:233.38,234.21 1 80
github.com/XinFinOrg/XDPoSChain/common/types.go:237.2,237.35 1 80
github.com/XinFinOrg/XDPoSChain/common/types.go:234.21,236.3 1 0
github.com/XinFinOrg/XDPoSChain/common/types.go:241.39,241.64 1 0
github.com/XinFinOrg/XDPoSChain/common/types.go:244.38,245.26 1 0
github.com/XinFinOrg/XDPoSChain/common/types.go:245.26,247.3 1 0
github.com/XinFinOrg/XDPoSChain/common/types.go:251.48,255.2 1 0
github.com/XinFinOrg/XDPoSChain/common/types.go:258.53,260.2 1 0
github.com/XinFinOrg/XDPoSChain/common/types.go:263.53,265.2 1 11
github.com/XinFinOrg/XDPoSChain/common/types.go:271.63,273.2 1 0
github.com/XinFinOrg/XDPoSChain/common/types.go:276.58,278.2 1 0
github.com/XinFinOrg/XDPoSChain/common/types.go:281.70,282.21 1 1
github.com/XinFinOrg/XDPoSChain/common/types.go:286.2,286.29 1 1
github.com/XinFinOrg/XDPoSChain/common/types.go:294.2,294.14 1 1
github.com/XinFinOrg/XDPoSChain/common/types.go:282.21,284.3 1 0
github.com/XinFinOrg/XDPoSChain/common/types.go:286.29,287.40 1 3
github.com/XinFinOrg/XDPoSChain/common/types.go:287.40,288.24 1 10
github.com/XinFinOrg/XDPoSChain/common/types.go:288.24,290.5 1 3
github.com/XinFinOrg/XDPoSChain/common/types.go:298.56,300.35 2 0
github.com/XinFinOrg/XDPoSChain/common/types.go:303.2,303.13 1 0
github.com/XinFinOrg/XDPoSChain/common/types.go:300.35,302.3 1 0
github.com/XinFinOrg/XDPoSChain/common/types.go:306.62,307.64 1 0
github.com/XinFinOrg/XDPoSChain/common/types.go:310.2,311.38 2 0
github.com/XinFinOrg/XDPoSChain/common/types.go:314.2,314.18 1 0
github.com/XinFinOrg/XDPoSChain/common/types.go:307.64,309.3 1 0
github.com/XinFinOrg/XDPoSChain/common/types.go:311.38,313.3 1 0
github.com/XinFinOrg/XDPoSChain/common/bytes.go:22.29,25.19 2 0
github.com/XinFinOrg/XDPoSChain/common/bytes.go:28.2,28.19 1 0
github.com/XinFinOrg/XDPoSChain/common/bytes.go:25.19,27.3 1 0
github.com/XinFinOrg/XDPoSChain/common/bytes.go:31.31,32.16 1 83
github.com/XinFinOrg/XDPoSChain/common/bytes.go:40.2,40.19 1 83
github.com/XinFinOrg/XDPoSChain/common/bytes.go:43.2,43.21 1 83
github.com/XinFinOrg/XDPoSChain/common/bytes.go:32.16,33.39 1 82
github.com/XinFinOrg/XDPoSChain/common/bytes.go:36.3,36.99 1 82
github.com/XinFinOrg/XDPoSChain/common/bytes.go:33.39,35.4 1 78
github.com/XinFinOrg/XDPoSChain/common/bytes.go:36.99,38.4 1 4
github.com/XinFinOrg/XDPoSChain/common/bytes.go:40.19,42.3 1 11
github.com/XinFinOrg/XDPoSChain/common/bytes.go:49.47,50.14 1 1
github.com/XinFinOrg/XDPoSChain/common/bytes.go:53.2,56.8 3 1
github.com/XinFinOrg/XDPoSChain/common/bytes.go:50.14,52.3 1 0
github.com/XinFinOrg/XDPoSChain/common/bytes.go:58.36,60.2 1 9
github.com/XinFinOrg/XDPoSChain/common/bytes.go:61.36,63.2 1 9
github.com/XinFinOrg/XDPoSChain/common/bytes.go:65.34,67.2 1 219
github.com/XinFinOrg/XDPoSChain/common/bytes.go:69.29,70.21 1 14
github.com/XinFinOrg/XDPoSChain/common/bytes.go:73.2,73.32 1 12
github.com/XinFinOrg/XDPoSChain/common/bytes.go:78.2,78.13 1 9
github.com/XinFinOrg/XDPoSChain/common/bytes.go:70.21,72.3 1 2
github.com/XinFinOrg/XDPoSChain/common/bytes.go:73.32,74.25 1 219
github.com/XinFinOrg/XDPoSChain/common/bytes.go:74.25,76.4 1 3
github.com/XinFinOrg/XDPoSChain/common/bytes.go:81.33,83.2 1 0
github.com/XinFinOrg/XDPoSChain/common/bytes.go:85.35,89.2 2 83
github.com/XinFinOrg/XDPoSChain/common/bytes.go:91.50,93.20 2 0
github.com/XinFinOrg/XDPoSChain/common/bytes.go:93.20,95.3 1 0
github.com/XinFinOrg/XDPoSChain/common/bytes.go:95.8,96.20 1 0
github.com/XinFinOrg/XDPoSChain/common/bytes.go:96.20,98.4 1 0
github.com/XinFinOrg/XDPoSChain/common/bytes.go:98.9,102.4 3 0
github.com/XinFinOrg/XDPoSChain/common/bytes.go:106.48,107.21 1 2
github.com/XinFinOrg/XDPoSChain/common/bytes.go:111.2,114.15 3 1
github.com/XinFinOrg/XDPoSChain/common/bytes.go:107.21,109.3 1 1
github.com/XinFinOrg/XDPoSChain/common/bytes.go:117.47,118.21 1 2
github.com/XinFinOrg/XDPoSChain/common/bytes.go:122.2,125.15 3 1
github.com/XinFinOrg/XDPoSChain/common/bytes.go:118.21,120.3 1 1
github.com/XinFinOrg/XDPoSChain/common/debug.go:28.35,38.2 6 0
github.com/XinFinOrg/XDPoSChain/common/debug.go:41.42,52.2 3 0
github.com/XinFinOrg/XDPoSChain/common/format.go:34.41,36.65 2 0
github.com/XinFinOrg/XDPoSChain/common/format.go:39.2,39.14 1 0
github.com/XinFinOrg/XDPoSChain/common/format.go:36.65,38.3 1 0
github.com/XinFinOrg/XDPoSChain/common/test_utils.go:26.51,28.16 2 0
github.com/XinFinOrg/XDPoSChain/common/test_utils.go:31.2,31.53 1 0
github.com/XinFinOrg/XDPoSChain/common/test_utils.go:38.2,38.12 1 0
github.com/XinFinOrg/XDPoSChain/common/test_utils.go:28.16,30.3 1 0
github.com/XinFinOrg/XDPoSChain/common/test_utils.go:31.53,32.51 1 0
github.com/XinFinOrg/XDPoSChain/common/test_utils.go:36.3,36.65 1 0
github.com/XinFinOrg/XDPoSChain/common/test_utils.go:32.51,35.4 2 0
github.com/XinFinOrg/XDPoSChain/common/test_utils.go:42.53,44.33 2 0
github.com/XinFinOrg/XDPoSChain/common/test_utils.go:52.2,52.8 1 0
github.com/XinFinOrg/XDPoSChain/common/test_utils.go:44.33,45.25 1 0
github.com/XinFinOrg/XDPoSChain/common/test_utils.go:48.3,48.16 1 0
github.com/XinFinOrg/XDPoSChain/common/test_utils.go:45.25,47.4 1 0
github.com/XinFinOrg/XDPoSChain/common/test_utils.go:48.16,50.4 1 0
github.com/XinFinOrg/XDPoSChain/common/bitutil/bitutil.go:20.37,21.23 1 8
github.com/XinFinOrg/XDPoSChain/common/bitutil/bitutil.go:24.2,24.32 1 0
github.com/XinFinOrg/XDPoSChain/common/bitutil/bitutil.go:21.23,23.3 1 8
github.com/XinFinOrg/XDPoSChain/common/bitutil/bitutil.go:29.41,31.16 2 8
github.com/XinFinOrg/XDPoSChain/common/bitutil/bitutil.go:34.2,35.11 2 8
github.com/XinFinOrg/XDPoSChain/common/bitutil/bitutil.go:43.2,43.38 1 8
github.com/XinFinOrg/XDPoSChain/common/bitutil/bitutil.go:46.2,46.10 1 8
github.com/XinFinOrg/XDPoSChain/common/bitutil/bitutil.go:31.16,33.3 1 2
github.com/XinFinOrg/XDPoSChain/common/bitutil/bitutil.go:35.11,39.26 4 8
github.com/XinFinOrg/XDPoSChain/common/bitutil/bitutil.go:39.26,41.4 1 1016
github.com/XinFinOrg/XDPoSChain/common/bitutil/bitutil.go:43.38,45.3 1 50
github.com/XinFinOrg/XDPoSChain/common/bitutil/bitutil.go:51.41,53.16 2 8
github.com/XinFinOrg/XDPoSChain/common/bitutil/bitutil.go:56.2,56.25 1 8
github.com/XinFinOrg/XDPoSChain/common/bitutil/bitutil.go:59.2,59.10 1 8
github.com/XinFinOrg/XDPoSChain/common/bitutil/bitutil.go:53.16,55.3 1 2
github.com/XinFinOrg/XDPoSChain/common/bitutil/bitutil.go:56.25,58.3 1 8178
github.com/XinFinOrg/XDPoSChain/common/bitutil/bitutil.go:64.37,65.23 1 8
github.com/XinFinOrg/XDPoSChain/common/bitutil/bitutil.go:68.2,68.32 1 0
github.com/XinFinOrg/XDPoSChain/common/bitutil/bitutil.go:65.23,67.3 1 8
github.com/XinFinOrg/XDPoSChain/common/bitutil/bitutil.go:73.41,75.16 2 8
github.com/XinFinOrg/XDPoSChain/common/bitutil/bitutil.go:78.2,79.11 2 8
github.com/XinFinOrg/XDPoSChain/common/bitutil/bitutil.go:87.2,87.38 1 8
github.com/XinFinOrg/XDPoSChain/common/bitutil/bitutil.go:90.2,90.10 1 8
github.com/XinFinOrg/XDPoSChain/common/bitutil/bitutil.go:75.16,77.3 1 2
github.com/XinFinOrg/XDPoSChain/common/bitutil/bitutil.go:79.11,83.26 4 8
github.com/XinFinOrg/XDPoSChain/common/bitutil/bitutil.go:83.26,85.4 1 1016
github.com/XinFinOrg/XDPoSChain/common/bitutil/bitutil.go:87.38,89.3 1 50
github.com/XinFinOrg/XDPoSChain/common/bitutil/bitutil.go:95.41,97.16 2 8
github.com/XinFinOrg/XDPoSChain/common/bitutil/bitutil.go:100.2,100.25 1 8
github.com/XinFinOrg/XDPoSChain/common/bitutil/bitutil.go:103.2,103.10 1 8
github.com/XinFinOrg/XDPoSChain/common/bitutil/bitutil.go:97.16,99.3 1 2
github.com/XinFinOrg/XDPoSChain/common/bitutil/bitutil.go:100.25,102.3 1 8178
github.com/XinFinOrg/XDPoSChain/common/bitutil/bitutil.go:108.36,109.23 1 8
github.com/XinFinOrg/XDPoSChain/common/bitutil/bitutil.go:112.2,112.31 1 0
github.com/XinFinOrg/XDPoSChain/common/bitutil/bitutil.go:109.23,111.3 1 8
github.com/XinFinOrg/XDPoSChain/common/bitutil/bitutil.go:117.40,119.16 2 8
github.com/XinFinOrg/XDPoSChain/common/bitutil/bitutil.go:122.2,123.11 2 8
github.com/XinFinOrg/XDPoSChain/common/bitutil/bitutil.go:131.2,131.38 1 8
github.com/XinFinOrg/XDPoSChain/common/bitutil/bitutil.go:134.2,134.10 1 8
github.com/XinFinOrg/XDPoSChain/common/bitutil/bitutil.go:119.16,121.3 1 2
github.com/XinFinOrg/XDPoSChain/common/bitutil/bitutil.go:123.11,127.26 4 8
github.com/XinFinOrg/XDPoSChain/common/bitutil/bitutil.go:127.26,129.4 1 1016
github.com/XinFinOrg/XDPoSChain/common/bitutil/bitutil.go:131.38,133.3 1 50
github.com/XinFinOrg/XDPoSChain/common/bitutil/bitutil.go:139.40,141.16 2 8
github.com/XinFinOrg/XDPoSChain/common/bitutil/bitutil.go:144.2,144.25 1 8
github.com/XinFinOrg/XDPoSChain/common/bitutil/bitutil.go:147.2,147.10 1 8
github.com/XinFinOrg/XDPoSChain/common/bitutil/bitutil.go:141.16,143.3 1 2
github.com/XinFinOrg/XDPoSChain/common/bitutil/bitutil.go:144.25,146.3 1 8178
github.com/XinFinOrg/XDPoSChain/common/bitutil/bitutil.go:151.31,152.23 1 4
github.com/XinFinOrg/XDPoSChain/common/bitutil/bitutil.go:155.2,155.25 1 0
github.com/XinFinOrg/XDPoSChain/common/bitutil/bitutil.go:152.23,154.3 1 4
github.com/XinFinOrg/XDPoSChain/common/bitutil/bitutil.go:160.35,163.11 3 4
github.com/XinFinOrg/XDPoSChain/common/bitutil/bitutil.go:171.2,171.38 1 2
github.com/XinFinOrg/XDPoSChain/common/bitutil/bitutil.go:176.2,176.14 1 0
github.com/XinFinOrg/XDPoSChain/common/bitutil/bitutil.go:163.11,165.26 2 4
github.com/XinFinOrg/XDPoSChain/common/bitutil/bitutil.go:165.26,166.18 1 280
github.com/XinFinOrg/XDPoSChain/common/bitutil/bitutil.go:166.18,168.5 1 2
github.com/XinFinOrg/XDPoSChain/common/bitutil/bitutil.go:171.38,172.16 1 13
github.com/XinFinOrg/XDPoSChain/common/bitutil/bitutil.go:172.16,174.4 1 2
github.com/XinFinOrg/XDPoSChain/common/bitutil/bitutil.go:181.35,182.30 1 4
github.com/XinFinOrg/XDPoSChain/common/bitutil/bitutil.go:187.2,187.14 1 0
github.com/XinFinOrg/XDPoSChain/common/bitutil/bitutil.go:182.30,183.16 1 2247
github.com/XinFinOrg/XDPoSChain/common/bitutil/bitutil.go:183.16,185.4 1 4
github.com/XinFinOrg/XDPoSChain/common/bitutil/compress.go:60.40,61.58 1 2
github.com/XinFinOrg/XDPoSChain/common/bitutil/compress.go:64.2,66.12 3 1
github.com/XinFinOrg/XDPoSChain/common/bitutil/compress.go:61.58,63.3 1 1
github.com/XinFinOrg/XDPoSChain/common/bitutil/compress.go:71.44,73.20 1 98
github.com/XinFinOrg/XDPoSChain/common/bitutil/compress.go:77.2,77.20 1 97
github.com/XinFinOrg/XDPoSChain/common/bitutil/compress.go:84.2,87.25 3 71
github.com/XinFinOrg/XDPoSChain/common/bitutil/compress.go:93.2,93.28 1 71
github.com/XinFinOrg/XDPoSChain/common/bitutil/compress.go:96.2,96.66 1 67
github.com/XinFinOrg/XDPoSChain/common/bitutil/compress.go:73.20,75.3 1 1
github.com/XinFinOrg/XDPoSChain/common/bitutil/compress.go:77.20,78.19 1 26
github.com/XinFinOrg/XDPoSChain/common/bitutil/compress.go:81.3,81.14 1 25
github.com/XinFinOrg/XDPoSChain/common/bitutil/compress.go:78.19,80.4 1 1
github.com/XinFinOrg/XDPoSChain/common/bitutil/compress.go:87.25,88.13 1 63587
github.com/XinFinOrg/XDPoSChain/common/bitutil/compress.go:88.13,91.4 2 452
github.com/XinFinOrg/XDPoSChain/common/bitutil/compress.go:93.28,95.3 1 4
github.com/XinFinOrg/XDPoSChain/common/bitutil/compress.go:102.63,103.24 1 3
github.com/XinFinOrg/XDPoSChain/common/bitutil/compress.go:106.2,106.25 1 2
github.com/XinFinOrg/XDPoSChain/common/bitutil/compress.go:111.2,111.40 1 1
github.com/XinFinOrg/XDPoSChain/common/bitutil/compress.go:103.24,105.3 1 1
github.com/XinFinOrg/XDPoSChain/common/bitutil/compress.go:106.25,110.3 3 1
github.com/XinFinOrg/XDPoSChain/common/bitutil/compress.go:115.65,117.16 2 43
github.com/XinFinOrg/XDPoSChain/common/bitutil/compress.go:120.2,120.23 1 34
github.com/XinFinOrg/XDPoSChain/common/bitutil/compress.go:123.2,123.17 1 30
github.com/XinFinOrg/XDPoSChain/common/bitutil/compress.go:117.16,119.3 1 9
github.com/XinFinOrg/XDPoSChain/common/bitutil/compress.go:120.23,122.3 1 4
github.com/XinFinOrg/XDPoSChain/common/bitutil/compress.go:130.77,132.17 1 154
github.com/XinFinOrg/XDPoSChain/common/bitutil/compress.go:136.2,137.20 2 151
github.com/XinFinOrg/XDPoSChain/common/bitutil/compress.go:140.2,140.17 1 146
github.com/XinFinOrg/XDPoSChain/common/bitutil/compress.go:148.2,149.16 2 111
github.com/XinFinOrg/XDPoSChain/common/bitutil/compress.go:152.2,152.44 1 86
github.com/XinFinOrg/XDPoSChain/common/bitutil/compress.go:169.2,169.25 1 77
github.com/XinFinOrg/XDPoSChain/common/bitutil/compress.go:132.17,134.3 1 3
github.com/XinFinOrg/XDPoSChain/common/bitutil/compress.go:137.20,139.3 1 5
github.com/XinFinOrg/XDPoSChain/common/bitutil/compress.go:140.17,142.19 2 35
github.com/XinFinOrg/XDPoSChain/common/bitutil/compress.go:145.3,145.24 1 2
github.com/XinFinOrg/XDPoSChain/common/bitutil/compress.go:142.19,144.4 1 33
github.com/XinFinOrg/XDPoSChain/common/bitutil/compress.go:149.16,151.3 1 25
github.com/XinFinOrg/XDPoSChain/common/bitutil/compress.go:152.44,153.47 1 81157
github.com/XinFinOrg/XDPoSChain/common/bitutil/compress.go:153.47,155.24 1 514
github.com/XinFinOrg/XDPoSChain/common/bitutil/compress.go:158.4,158.24 1 508
github.com/XinFinOrg/XDPoSChain/common/bitutil/compress.go:162.4,162.22 1 506
github.com/XinFinOrg/XDPoSChain/common/bitutil/compress.go:165.4,166.9 2 505
github.com/XinFinOrg/XDPoSChain/common/bitutil/compress.go:155.24,157.5 1 6
github.com/XinFinOrg/XDPoSChain/common/bitutil/compress.go:158.24,160.5 1 2
github.com/XinFinOrg/XDPoSChain/common/bitutil/compress.go:162.22,164.5 1 1
github.com/XinFinOrg/XDPoSChain/common/compiler/solidity.go:65.40,70.47 2 0
github.com/XinFinOrg/XDPoSChain/common/compiler/solidity.go:73.2,73.10 1 0
github.com/XinFinOrg/XDPoSChain/common/compiler/solidity.go:70.47,72.3 1 0
github.com/XinFinOrg/XDPoSChain/common/compiler/solidity.go:77.54,78.16 1 0
github.com/XinFinOrg/XDPoSChain/common/compiler/solidity.go:81.2,85.16 5 0
github.com/XinFinOrg/XDPoSChain/common/compiler/solidity.go:88.2,89.23 2 0
github.com/XinFinOrg/XDPoSChain/common/compiler/solidity.go:92.2,93.57 2 0
github.com/XinFinOrg/XDPoSChain/common/compiler/solidity.go:96.2,96.57 1 0
github.com/XinFinOrg/XDPoSChain/common/compiler/solidity.go:99.2,99.57 1 0
github.com/XinFinOrg/XDPoSChain/common/compiler/solidity.go:102.2,102.15 1 0
github.com/XinFinOrg/XDPoSChain/common/compiler/solidity.go:78.16,80.3 1 0
github.com/XinFinOrg/XDPoSChain/common/compiler/solidity.go:85.16,87.3 1 0
github.com/XinFinOrg/XDPoSChain/common/compiler/solidity.go:89.23,91.3 1 0
github.com/XinFinOrg/XDPoSChain/common/compiler/solidity.go:93.57,95.3 1 0
github.com/XinFinOrg/XDPoSChain/common/compiler/solidity.go:96.57,98.3 1 0
github.com/XinFinOrg/XDPoSChain/common/compiler/solidity.go:99.57,101.3 1 0
github.com/XinFinOrg/XDPoSChain/common/compiler/solidity.go:106.79,107.22 1 0
github.com/XinFinOrg/XDPoSChain/common/compiler/solidity.go:110.2,111.16 2 0
github.com/XinFinOrg/XDPoSChain/common/compiler/solidity.go:114.2,117.27 4 0
github.com/XinFinOrg/XDPoSChain/common/compiler/solidity.go:107.22,109.3 1 0
github.com/XinFinOrg/XDPoSChain/common/compiler/solidity.go:111.16,113.3 1 0
github.com/XinFinOrg/XDPoSChain/common/compiler/solidity.go:121.88,122.27 1 0
github.com/XinFinOrg/XDPoSChain/common/compiler/solidity.go:125.2,126.16 2 0
github.com/XinFinOrg/XDPoSChain/common/compiler/solidity.go:129.2,130.16 2 0
github.com/XinFinOrg/XDPoSChain/common/compiler/solidity.go:133.2,135.27 3 0
github.com/XinFinOrg/XDPoSChain/common/compiler/solidity.go:122.27,124.3 1 0
github.com/XinFinOrg/XDPoSChain/common/compiler/solidity.go:126.16,128.3 1 0
github.com/XinFinOrg/XDPoSChain/common/compiler/solidity.go:130.16,132.3 1 0
github.com/XinFinOrg/XDPoSChain/common/compiler/solidity.go:138.84,142.34 4 0
github.com/XinFinOrg/XDPoSChain/common/compiler/solidity.go:145.2,146.64 2 0
github.com/XinFinOrg/XDPoSChain/common/compiler/solidity.go:151.2,152.43 2 0
github.com/XinFinOrg/XDPoSChain/common/compiler/solidity.go:181.2,181.23 1 0
github.com/XinFinOrg/XDPoSChain/common/compiler/solidity.go:142.34,144.3 1 0
github.com/XinFinOrg/XDPoSChain/common/compiler/solidity.go:146.64,148.3 1 0
github.com/XinFinOrg/XDPoSChain/common/compiler/solidity.go:152.43,155.64 2 0
github.com/XinFinOrg/XDPoSChain/common/compiler/solidity.go:158.3,159.72 2 0
github.com/XinFinOrg/XDPoSChain/common/compiler/solidity.go:162.3,163.70 2 0
github.com/XinFinOrg/XDPoSChain/common/compiler/solidity.go:166.3,179.4 1 0
github.com/XinFinOrg/XDPoSChain/common/compiler/solidity.go:155.64,157.4 1 0
github.com/XinFinOrg/XDPoSChain/common/compiler/solidity.go:159.72,161.4 1 0
github.com/XinFinOrg/XDPoSChain/common/compiler/solidity.go:163.70,165.4 1 0
github.com/XinFinOrg/XDPoSChain/common/compiler/solidity.go:184.49,186.29 2 0
github.com/XinFinOrg/XDPoSChain/common/compiler/solidity.go:193.2,193.29 1 0
github.com/XinFinOrg/XDPoSChain/common/compiler/solidity.go:186.29,188.17 2 0
github.com/XinFinOrg/XDPoSChain/common/compiler/solidity.go:191.3,191.24 1 0
github.com/XinFinOrg/XDPoSChain/common/compiler/solidity.go:188.17,190.4 1 0
github.com/XinFinOrg/XDPoSChain/common/fdlimit/fdlimit_unix.go:25.30,28.73 2 1
github.com/XinFinOrg/XDPoSChain/common/fdlimit/fdlimit_unix.go:32.2,33.21 2 1
github.com/XinFinOrg/XDPoSChain/common/fdlimit/fdlimit_unix.go:36.2,36.73 1 1
github.com/XinFinOrg/XDPoSChain/common/fdlimit/fdlimit_unix.go:39.2,39.12 1 1
github.com/XinFinOrg/XDPoSChain/common/fdlimit/fdlimit_unix.go:28.73,30.3 1 0
github.com/XinFinOrg/XDPoSChain/common/fdlimit/fdlimit_unix.go:33.21,35.3 1 1
github.com/XinFinOrg/XDPoSChain/common/fdlimit/fdlimit_unix.go:36.73,38.3 1 0
github.com/XinFinOrg/XDPoSChain/common/fdlimit/fdlimit_unix.go:44.29,46.73 2 2
github.com/XinFinOrg/XDPoSChain/common/fdlimit/fdlimit_unix.go:49.2,49.28 1 2
github.com/XinFinOrg/XDPoSChain/common/fdlimit/fdlimit_unix.go:46.73,48.3 1 0
github.com/XinFinOrg/XDPoSChain/common/fdlimit/fdlimit_unix.go:54.29,56.73 2 1
github.com/XinFinOrg/XDPoSChain/common/fdlimit/fdlimit_unix.go:59.2,59.28 1 1
github.com/XinFinOrg/XDPoSChain/common/fdlimit/fdlimit_unix.go:56.73,58.3 1 0
github.com/XinFinOrg/XDPoSChain/common/hexutil/hexutil.go:56.36,56.54 1 90
github.com/XinFinOrg/XDPoSChain/common/hexutil/hexutil.go:59.43,60.21 1 12
github.com/XinFinOrg/XDPoSChain/common/hexutil/hexutil.go:63.2,63.25 1 11
github.com/XinFinOrg/XDPoSChain/common/hexutil/hexutil.go:66.2,67.16 2 10
github.com/XinFinOrg/XDPoSChain/common/hexutil/hexutil.go:70.2,70.15 1 10
github.com/XinFinOrg/XDPoSChain/common/hexutil/hexutil.go:60.21,62.3 1 1
github.com/XinFinOrg/XDPoSChain/common/hexutil/hexutil.go:63.25,65.3 1 1
github.com/XinFinOrg/XDPoSChain/common/hexutil/hexutil.go:67.16,69.3 1 4
github.com/XinFinOrg/XDPoSChain/common/hexutil/hexutil.go:74.38,76.16 2 0
github.com/XinFinOrg/XDPoSChain/common/hexutil/hexutil.go:79.2,79.12 1 0
github.com/XinFinOrg/XDPoSChain/common/hexutil/hexutil.go:76.16,77.13 1 0
github.com/XinFinOrg/XDPoSChain/common/hexutil/hexutil.go:83.30,88.2 4 7
github.com/XinFinOrg/XDPoSChain/common/hexutil/hexutil.go:91.49,93.16 2 13
github.com/XinFinOrg/XDPoSChain/common/hexutil/hexutil.go:96.2,97.16 2 10
github.com/XinFinOrg/XDPoSChain/common/hexutil/hexutil.go:100.2,100.17 1 10
github.com/XinFinOrg/XDPoSChain/common/hexutil/hexutil.go:93.16,95.3 1 3
github.com/XinFinOrg/XDPoSChain/common/hexutil/hexutil.go:97.16,99.3 1 3
github.com/XinFinOrg/XDPoSChain/common/hexutil/hexutil.go:105.44,107.16 2 0
github.com/XinFinOrg/XDPoSChain/common/hexutil/hexutil.go:110.2,110.12 1 0
github.com/XinFinOrg/XDPoSChain/common/hexutil/hexutil.go:107.16,108.13 1 0
github.com/XinFinOrg/XDPoSChain/common/hexutil/hexutil.go:114.36,118.2 3 12
github.com/XinFinOrg/XDPoSChain/common/hexutil/hexutil.go:122.13,126.23 2 1
github.com/XinFinOrg/XDPoSChain/common/hexutil/hexutil.go:127.9,128.22 1 1
github.com/XinFinOrg/XDPoSChain/common/hexutil/hexutil.go:129.9,130.21 1 0
github.com/XinFinOrg/XDPoSChain/common/hexutil/hexutil.go:131.10,132.31 1 0
github.com/XinFinOrg/XDPoSChain/common/hexutil/hexutil.go:138.48,140.16 2 16
github.com/XinFinOrg/XDPoSChain/common/hexutil/hexutil.go:143.2,143.19 1 13
github.com/XinFinOrg/XDPoSChain/common/hexutil/hexutil.go:146.2,148.23 3 12
github.com/XinFinOrg/XDPoSChain/common/hexutil/hexutil.go:163.2,164.17 2 10
github.com/XinFinOrg/XDPoSChain/common/hexutil/hexutil.go:140.16,142.3 1 3
github.com/XinFinOrg/XDPoSChain/common/hexutil/hexutil.go:143.19,145.3 1 1
github.com/XinFinOrg/XDPoSChain/common/hexutil/hexutil.go:148.23,150.16 2 19
github.com/XinFinOrg/XDPoSChain/common/hexutil/hexutil.go:153.3,153.35 1 19
github.com/XinFinOrg/XDPoSChain/common/hexutil/hexutil.go:161.3,161.14 1 17
github.com/XinFinOrg/XDPoSChain/common/hexutil/hexutil.go:150.16,152.4 1 12
github.com/XinFinOrg/XDPoSChain/common/hexutil/hexutil.go:153.35,155.24 2 161
github.com/XinFinOrg/XDPoSChain/common/hexutil/hexutil.go:158.4,159.29 2 159
github.com/XinFinOrg/XDPoSChain/common/hexutil/hexutil.go:155.24,157.5 1 2
github.com/XinFinOrg/XDPoSChain/common/hexutil/hexutil.go:169.43,171.16 2 0
github.com/XinFinOrg/XDPoSChain/common/hexutil/hexutil.go:174.2,174.12 1 0
github.com/XinFinOrg/XDPoSChain/common/hexutil/hexutil.go:171.16,172.13 1 0
github.com/XinFinOrg/XDPoSChain/common/hexutil/hexutil.go:179.40,181.16 2 18
github.com/XinFinOrg/XDPoSChain/common/hexutil/hexutil.go:184.2,184.35 1 15
github.com/XinFinOrg/XDPoSChain/common/hexutil/hexutil.go:181.16,183.3 1 3
github.com/XinFinOrg/XDPoSChain/common/hexutil/hexutil.go:187.37,189.2 1 40
github.com/XinFinOrg/XDPoSChain/common/hexutil/hexutil.go:191.56,192.21 1 29
github.com/XinFinOrg/XDPoSChain/common/hexutil/hexutil.go:195.2,195.25 1 29
github.com/XinFinOrg/XDPoSChain/common/hexutil/hexutil.go:198.2,199.21 2 27
github.com/XinFinOrg/XDPoSChain/common/hexutil/hexutil.go:202.2,202.39 1 25
github.com/XinFinOrg/XDPoSChain/common/hexutil/hexutil.go:205.2,205.19 1 23
github.com/XinFinOrg/XDPoSChain/common/hexutil/hexutil.go:192.21,194.3 1 0
github.com/XinFinOrg/XDPoSChain/common/hexutil/hexutil.go:195.25,197.3 1 2
github.com/XinFinOrg/XDPoSChain/common/hexutil/hexutil.go:199.21,201.3 1 2
github.com/XinFinOrg/XDPoSChain/common/hexutil/hexutil.go:202.39,204.3 1 2
github.com/XinFinOrg/XDPoSChain/common/hexutil/hexutil.go:210.35,211.9 1 455
github.com/XinFinOrg/XDPoSChain/common/hexutil/hexutil.go:212.30,213.26 1 127
github.com/XinFinOrg/XDPoSChain/common/hexutil/hexutil.go:214.30,215.31 1 10
github.com/XinFinOrg/XDPoSChain/common/hexutil/hexutil.go:216.30,217.31 1 308
github.com/XinFinOrg/XDPoSChain/common/hexutil/hexutil.go:218.10,219.19 1 10
github.com/XinFinOrg/XDPoSChain/common/hexutil/hexutil.go:223.32,224.44 1 9
github.com/XinFinOrg/XDPoSChain/common/hexutil/hexutil.go:232.2,232.45 1 6
github.com/XinFinOrg/XDPoSChain/common/hexutil/hexutil.go:235.2,235.26 1 2
github.com/XinFinOrg/XDPoSChain/common/hexutil/hexutil.go:238.2,238.12 1 0
github.com/XinFinOrg/XDPoSChain/common/hexutil/hexutil.go:224.44,225.18 1 3
github.com/XinFinOrg/XDPoSChain/common/hexutil/hexutil.go:226.25,227.25 1 1
github.com/XinFinOrg/XDPoSChain/common/hexutil/hexutil.go:228.26,229.20 1 2
github.com/XinFinOrg/XDPoSChain/common/hexutil/hexutil.go:232.45,234.3 1 4
github.com/XinFinOrg/XDPoSChain/common/hexutil/hexutil.go:235.26,237.3 1 2
github.com/XinFinOrg/XDPoSChain/common/hexutil/json.go:40.46,45.2 4 3
github.com/XinFinOrg/XDPoSChain/common/hexutil/json.go:48.49,53.2 4 0
github.com/XinFinOrg/XDPoSChain/common/hexutil/json.go:56.51,57.22 1 12
github.com/XinFinOrg/XDPoSChain/common/hexutil/json.go:60.2,60.70 1 10
github.com/XinFinOrg/XDPoSChain/common/hexutil/json.go:57.22,59.3 1 2
github.com/XinFinOrg/XDPoSChain/common/hexutil/json.go:64.51,66.16 2 10
github.com/XinFinOrg/XDPoSChain/common/hexutil/json.go:69.2,70.47 2 8
github.com/XinFinOrg/XDPoSChain/common/hexutil/json.go:75.2,75.12 1 8
github.com/XinFinOrg/XDPoSChain/common/hexutil/json.go:66.16,68.3 1 2
github.com/XinFinOrg/XDPoSChain/common/hexutil/json.go:70.47,72.3 1 2
github.com/XinFinOrg/XDPoSChain/common/hexutil/json.go:72.8,74.3 1 6
github.com/XinFinOrg/XDPoSChain/common/hexutil/json.go:79.32,81.2 1 4
github.com/XinFinOrg/XDPoSChain/common/hexutil/json.go:86.68,87.22 1 0
github.com/XinFinOrg/XDPoSChain/common/hexutil/json.go:90.2,90.89 1 0
github.com/XinFinOrg/XDPoSChain/common/hexutil/json.go:87.22,89.3 1 0
github.com/XinFinOrg/XDPoSChain/common/hexutil/json.go:96.66,98.16 2 2
github.com/XinFinOrg/XDPoSChain/common/hexutil/json.go:101.2,101.28 1 2
github.com/XinFinOrg/XDPoSChain/common/hexutil/json.go:105.2,105.24 1 1
github.com/XinFinOrg/XDPoSChain/common/hexutil/json.go:110.2,111.12 2 1
github.com/XinFinOrg/XDPoSChain/common/hexutil/json.go:98.16,100.3 1 0
github.com/XinFinOrg/XDPoSChain/common/hexutil/json.go:101.28,103.3 1 1
github.com/XinFinOrg/XDPoSChain/common/hexutil/json.go:105.24,106.35 1 10
github.com/XinFinOrg/XDPoSChain/common/hexutil/json.go:106.35,108.4 1 0
github.com/XinFinOrg/XDPoSChain/common/hexutil/json.go:117.76,119.16 2 8
github.com/XinFinOrg/XDPoSChain/common/hexutil/json.go:122.2,122.28 1 6
github.com/XinFinOrg/XDPoSChain/common/hexutil/json.go:126.2,126.24 1 4
github.com/XinFinOrg/XDPoSChain/common/hexutil/json.go:131.2,132.12 2 2
github.com/XinFinOrg/XDPoSChain/common/hexutil/json.go:119.16,121.3 1 2
github.com/XinFinOrg/XDPoSChain/common/hexutil/json.go:122.28,124.3 1 2
github.com/XinFinOrg/XDPoSChain/common/hexutil/json.go:126.24,127.35 1 30
github.com/XinFinOrg/XDPoSChain/common/hexutil/json.go:127.35,129.4 1 2
github.com/XinFinOrg/XDPoSChain/common/hexutil/json.go:144.44,146.2 1 6
github.com/XinFinOrg/XDPoSChain/common/hexutil/json.go:149.49,150.22 1 19
github.com/XinFinOrg/XDPoSChain/common/hexutil/json.go:153.2,153.68 1 17
github.com/XinFinOrg/XDPoSChain/common/hexutil/json.go:150.22,152.3 1 2
github.com/XinFinOrg/XDPoSChain/common/hexutil/json.go:157.49,159.16 2 17
github.com/XinFinOrg/XDPoSChain/common/hexutil/json.go:162.2,162.19 1 14
github.com/XinFinOrg/XDPoSChain/common/hexutil/json.go:165.2,167.23 3 13
github.com/XinFinOrg/XDPoSChain/common/hexutil/json.go:182.2,185.12 4 11
github.com/XinFinOrg/XDPoSChain/common/hexutil/json.go:159.16,161.3 1 3
github.com/XinFinOrg/XDPoSChain/common/hexutil/json.go:162.19,164.3 1 1
github.com/XinFinOrg/XDPoSChain/common/hexutil/json.go:167.23,169.16 2 20
github.com/XinFinOrg/XDPoSChain/common/hexutil/json.go:172.3,172.35 1 20
github.com/XinFinOrg/XDPoSChain/common/hexutil/json.go:180.3,180.14 1 18
github.com/XinFinOrg/XDPoSChain/common/hexutil/json.go:169.16,171.4 1 13
github.com/XinFinOrg/XDPoSChain/common/hexutil/json.go:172.35,174.24 2 161
github.com/XinFinOrg/XDPoSChain/common/hexutil/json.go:177.4,178.29 2 159
github.com/XinFinOrg/XDPoSChain/common/hexutil/json.go:174.24,176.5 1 2
github.com/XinFinOrg/XDPoSChain/common/hexutil/json.go:189.32,191.2 1 6
github.com/XinFinOrg/XDPoSChain/common/hexutil/json.go:194.31,196.2 1 6
github.com/XinFinOrg/XDPoSChain/common/hexutil/json.go:203.47,208.2 4 8
github.com/XinFinOrg/XDPoSChain/common/hexutil/json.go:211.52,212.22 1 16
github.com/XinFinOrg/XDPoSChain/common/hexutil/json.go:215.2,215.71 1 14
github.com/XinFinOrg/XDPoSChain/common/hexutil/json.go:212.22,214.3 1 2
github.com/XinFinOrg/XDPoSChain/common/hexutil/json.go:219.52,221.16 2 30
github.com/XinFinOrg/XDPoSChain/common/hexutil/json.go:224.2,224.19 1 24
github.com/XinFinOrg/XDPoSChain/common/hexutil/json.go:227.2,228.27 2 22
github.com/XinFinOrg/XDPoSChain/common/hexutil/json.go:236.2,237.12 2 18
github.com/XinFinOrg/XDPoSChain/common/hexutil/json.go:221.16,223.3 1 6
github.com/XinFinOrg/XDPoSChain/common/hexutil/json.go:224.19,226.3 1 2
github.com/XinFinOrg/XDPoSChain/common/hexutil/json.go:228.27,230.23 2 93
github.com/XinFinOrg/XDPoSChain/common/hexutil/json.go:233.3,234.13 2 89
github.com/XinFinOrg/XDPoSChain/common/hexutil/json.go:230.23,232.4 1 4
github.com/XinFinOrg/XDPoSChain/common/hexutil/json.go:241.33,243.2 1 4
github.com/XinFinOrg/XDPoSChain/common/hexutil/json.go:250.45,252.2 1 4
github.com/XinFinOrg/XDPoSChain/common/hexutil/json.go:255.50,256.22 1 18
github.com/XinFinOrg/XDPoSChain/common/hexutil/json.go:259.2,259.69 1 16
github.com/XinFinOrg/XDPoSChain/common/hexutil/json.go:256.22,258.3 1 2
github.com/XinFinOrg/XDPoSChain/common/hexutil/json.go:263.50,266.53 3 16
github.com/XinFinOrg/XDPoSChain/common/hexutil/json.go:271.2,272.12 2 10
github.com/XinFinOrg/XDPoSChain/common/hexutil/json.go:266.53,268.3 1 1
github.com/XinFinOrg/XDPoSChain/common/hexutil/json.go:268.8,268.23 1 15
github.com/XinFinOrg/XDPoSChain/common/hexutil/json.go:268.23,270.3 1 5
github.com/XinFinOrg/XDPoSChain/common/hexutil/json.go:276.31,278.2 1 4
github.com/XinFinOrg/XDPoSChain/common/hexutil/json.go:280.34,282.2 1 65
github.com/XinFinOrg/XDPoSChain/common/hexutil/json.go:284.43,286.2 1 63
github.com/XinFinOrg/XDPoSChain/common/hexutil/json.go:288.44,290.2 1 19
github.com/XinFinOrg/XDPoSChain/common/hexutil/json.go:291.63,292.21 1 20
github.com/XinFinOrg/XDPoSChain/common/hexutil/json.go:295.2,295.31 1 19
github.com/XinFinOrg/XDPoSChain/common/hexutil/json.go:302.2,302.23 1 18
github.com/XinFinOrg/XDPoSChain/common/hexutil/json.go:305.2,305.19 1 15
github.com/XinFinOrg/XDPoSChain/common/hexutil/json.go:292.21,294.3 1 1
github.com/XinFinOrg/XDPoSChain/common/hexutil/json.go:295.31,297.3 1 0
github.com/XinFinOrg/XDPoSChain/common/hexutil/json.go:297.8,297.37 1 19
github.com/XinFinOrg/XDPoSChain/common/hexutil/json.go:297.37,299.3 1 13
github.com/XinFinOrg/XDPoSChain/common/hexutil/json.go:299.8,299.23 1 6
github.com/XinFinOrg/XDPoSChain/common/hexutil/json.go:299.23,301.3 1 1
github.com/XinFinOrg/XDPoSChain/common/hexutil/json.go:302.23,304.3 1 3
github.com/XinFinOrg/XDPoSChain/common/hexutil/json.go:308.60,309.21 1 47
github.com/XinFinOrg/XDPoSChain/common/hexutil/json.go:312.2,312.31 1 44
github.com/XinFinOrg/XDPoSChain/common/hexutil/json.go:315.2,316.21 2 41
github.com/XinFinOrg/XDPoSChain/common/hexutil/json.go:319.2,319.39 1 38
github.com/XinFinOrg/XDPoSChain/common/hexutil/json.go:322.2,322.19 1 35
github.com/XinFinOrg/XDPoSChain/common/hexutil/json.go:309.21,311.3 1 3
github.com/XinFinOrg/XDPoSChain/common/hexutil/json.go:312.31,314.3 1 3
github.com/XinFinOrg/XDPoSChain/common/hexutil/json.go:316.21,318.3 1 3
github.com/XinFinOrg/XDPoSChain/common/hexutil/json.go:319.39,321.3 1 3
github.com/XinFinOrg/XDPoSChain/common/hexutil/json.go:325.55,326.34 1 81
github.com/XinFinOrg/XDPoSChain/common/hexutil/json.go:329.2,329.12 1 35
github.com/XinFinOrg/XDPoSChain/common/hexutil/json.go:326.34,328.3 1 46
github.com/XinFinOrg/XDPoSChain/common/hexutil/json.go:332.43,334.2 1 16
github.com/XinFinOrg/XDPoSChain/common/math/big.go:45.61,47.9 2 13
github.com/XinFinOrg/XDPoSChain/common/math/big.go:50.2,51.12 2 10
github.com/XinFinOrg/XDPoSChain/common/math/big.go:47.9,49.3 1 3
github.com/XinFinOrg/XDPoSChain/common/math/big.go:55.57,56.14 1 0
github.com/XinFinOrg/XDPoSChain/common/math/big.go:59.2,59.55 1 0
github.com/XinFinOrg/XDPoSChain/common/math/big.go:56.14,58.3 1 0
github.com/XinFinOrg/XDPoSChain/common/math/big.go:64.45,65.13 1 16
github.com/XinFinOrg/XDPoSChain/common/math/big.go:68.2,70.53 3 15
github.com/XinFinOrg/XDPoSChain/common/math/big.go:75.2,75.33 1 15
github.com/XinFinOrg/XDPoSChain/common/math/big.go:78.2,78.19 1 15
github.com/XinFinOrg/XDPoSChain/common/math/big.go:65.13,67.3 1 1
github.com/XinFinOrg/XDPoSChain/common/math/big.go:70.53,72.3 1 6
github.com/XinFinOrg/XDPoSChain/common/math/big.go:72.8,74.3 1 9
github.com/XinFinOrg/XDPoSChain/common/math/big.go:75.33,77.3 1 1
github.com/XinFinOrg/XDPoSChain/common/math/big.go:82.41,84.9 2 3
github.com/XinFinOrg/XDPoSChain/common/math/big.go:87.2,87.10 1 2
github.com/XinFinOrg/XDPoSChain/common/math/big.go:84.9,85.41 1 1
github.com/XinFinOrg/XDPoSChain/common/math/big.go:91.34,94.2 2 17
github.com/XinFinOrg/XDPoSChain/common/math/big.go:97.37,98.18 1 2
github.com/XinFinOrg/XDPoSChain/common/math/big.go:101.2,101.10 1 1
github.com/XinFinOrg/XDPoSChain/common/math/big.go:98.18,100.3 1 1
github.com/XinFinOrg/XDPoSChain/common/math/big.go:105.37,106.18 1 2
github.com/XinFinOrg/XDPoSChain/common/math/big.go:109.2,109.10 1 1
github.com/XinFinOrg/XDPoSChain/common/math/big.go:106.18,108.3 1 1
github.com/XinFinOrg/XDPoSChain/common/math/big.go:113.34,114.34 1 4
github.com/XinFinOrg/XDPoSChain/common/math/big.go:119.2,119.19 1 1
github.com/XinFinOrg/XDPoSChain/common/math/big.go:114.34,115.19 1 12
github.com/XinFinOrg/XDPoSChain/common/math/big.go:115.19,117.4 1 3
github.com/XinFinOrg/XDPoSChain/common/math/big.go:124.52,125.28 1 4
github.com/XinFinOrg/XDPoSChain/common/math/big.go:128.2,130.12 3 3
github.com/XinFinOrg/XDPoSChain/common/math/big.go:125.28,127.3 1 1
github.com/XinFinOrg/XDPoSChain/common/math/big.go:136.51,140.21 3 23
github.com/XinFinOrg/XDPoSChain/common/math/big.go:143.2,147.28 3 13
github.com/XinFinOrg/XDPoSChain/common/math/big.go:140.21,142.3 1 10
github.com/XinFinOrg/XDPoSChain/common/math/big.go:154.51,155.20 1 17
github.com/XinFinOrg/XDPoSChain/common/math/big.go:158.2,158.47 1 14
github.com/XinFinOrg/XDPoSChain/common/math/big.go:155.20,157.3 1 3
github.com/XinFinOrg/XDPoSChain/common/math/big.go:163.44,165.34 2 6
github.com/XinFinOrg/XDPoSChain/common/math/big.go:165.34,166.43 1 12
github.com/XinFinOrg/XDPoSChain/common/math/big.go:166.43,170.4 3 80
github.com/XinFinOrg/XDPoSChain/common/math/big.go:175.32,177.2 1 276
github.com/XinFinOrg/XDPoSChain/common/math/big.go:186.32,187.22 1 7
github.com/XinFinOrg/XDPoSChain/common/math/big.go:187.22,189.3 1 4
github.com/XinFinOrg/XDPoSChain/common/math/big.go:189.8,191.3 1 3
github.com/XinFinOrg/XDPoSChain/common/math/big.go:199.44,202.39 2 6
github.com/XinFinOrg/XDPoSChain/common/math/big.go:211.2,211.15 1 6
github.com/XinFinOrg/XDPoSChain/common/math/big.go:202.39,203.33 1 4
github.com/XinFinOrg/XDPoSChain/common/math/big.go:203.33,204.19 1 256
github.com/XinFinOrg/XDPoSChain/common/math/big.go:207.4,208.14 2 256
github.com/XinFinOrg/XDPoSChain/common/math/big.go:204.19,206.5 1 12
github.com/XinFinOrg/XDPoSChain/common/math/integer.go:44.60,46.9 2 12
github.com/XinFinOrg/XDPoSChain/common/math/integer.go:49.2,50.12 2 9
github.com/XinFinOrg/XDPoSChain/common/math/integer.go:46.9,48.3 1 3
github.com/XinFinOrg/XDPoSChain/common/math/integer.go:54.55,56.2 1 0
github.com/XinFinOrg/XDPoSChain/common/math/integer.go:60.43,61.13 1 14
github.com/XinFinOrg/XDPoSChain/common/math/integer.go:64.2,64.53 1 13
github.com/XinFinOrg/XDPoSChain/common/math/integer.go:68.2,69.22 2 7
github.com/XinFinOrg/XDPoSChain/common/math/integer.go:61.13,63.3 1 1
github.com/XinFinOrg/XDPoSChain/common/math/integer.go:64.53,67.3 2 6
github.com/XinFinOrg/XDPoSChain/common/math/integer.go:73.39,75.9 2 2
github.com/XinFinOrg/XDPoSChain/common/math/integer.go:78.2,78.10 1 1
github.com/XinFinOrg/XDPoSChain/common/math/integer.go:75.9,76.49 1 1
github.com/XinFinOrg/XDPoSChain/common/math/integer.go:84.42,86.2 1 2
github.com/XinFinOrg/XDPoSChain/common/math/integer.go:89.42,91.2 1 2
github.com/XinFinOrg/XDPoSChain/common/math/integer.go:94.42,95.22 1 4
github.com/XinFinOrg/XDPoSChain/common/math/integer.go:98.2,98.31 1 3
github.com/XinFinOrg/XDPoSChain/common/math/integer.go:95.22,97.3 1 1
github.com/XinFinOrg/XDPoSChain/common/mclock/simclock.go:50.28,51.19 1 17
github.com/XinFinOrg/XDPoSChain/common/mclock/simclock.go:51.19,53.3 1 5
github.com/XinFinOrg/XDPoSChain/common/mclock/simclock.go:57.42,63.55 5 10
github.com/XinFinOrg/XDPoSChain/common/mclock/simclock.go:67.2,70.24 3 10
github.com/XinFinOrg/XDPoSChain/common/mclock/simclock.go:63.55,66.3 2 6
github.com/XinFinOrg/XDPoSChain/common/mclock/simclock.go:70.24,72.3 1 6
github.com/XinFinOrg/XDPoSChain/common/mclock/simclock.go:76.40,81.2 3 2
github.com/XinFinOrg/XDPoSChain/common/mclock/simclock.go:84.42,89.27 4 1
github.com/XinFinOrg/XDPoSChain/common/mclock/simclock.go:89.27,91.3 1 1
github.com/XinFinOrg/XDPoSChain/common/mclock/simclock.go:95.35,100.2 3 5
github.com/XinFinOrg/XDPoSChain/common/mclock/simclock.go:103.44,105.2 1 1
github.com/XinFinOrg/XDPoSChain/common/mclock/simclock.go:108.57,114.31 5 4
github.com/XinFinOrg/XDPoSChain/common/mclock/simclock.go:115.2,116.14 2 4
github.com/XinFinOrg/XDPoSChain/common/mclock/simclock.go:114.31,114.49 1 5
github.com/XinFinOrg/XDPoSChain/common/mclock/simclock.go:121.59,123.2 1 2
github.com/XinFinOrg/XDPoSChain/common/mclock/simclock.go:127.65,132.2 3 2
github.com/XinFinOrg/XDPoSChain/common/mclock/simclock.go:134.68,142.2 6 6
github.com/XinFinOrg/XDPoSChain/common/mclock/simclock.go:144.33,148.18 3 4
github.com/XinFinOrg/XDPoSChain/common/mclock/simclock.go:151.2,154.13 4 1
github.com/XinFinOrg/XDPoSChain/common/mclock/simclock.go:148.18,150.3 1 3
github.com/XinFinOrg/XDPoSChain/common/mclock/simclock.go:157.44,158.18 1 1
github.com/XinFinOrg/XDPoSChain/common/mclock/simclock.go:162.2,165.18 4 1
github.com/XinFinOrg/XDPoSChain/common/mclock/simclock.go:170.2,170.23 1 1
github.com/XinFinOrg/XDPoSChain/common/mclock/simclock.go:158.18,159.57 1 0
github.com/XinFinOrg/XDPoSChain/common/mclock/simclock.go:165.18,167.3 1 1
github.com/XinFinOrg/XDPoSChain/common/mclock/simclock.go:167.8,169.3 1 0
github.com/XinFinOrg/XDPoSChain/common/mclock/simclock.go:173.40,174.18 1 5
github.com/XinFinOrg/XDPoSChain/common/mclock/simclock.go:177.2,177.14 1 5
github.com/XinFinOrg/XDPoSChain/common/mclock/simclock.go:174.18,175.53 1 0
github.com/XinFinOrg/XDPoSChain/common/mclock/simclock.go:182.34,184.2 1 14
github.com/XinFinOrg/XDPoSChain/common/mclock/simclock.go:186.44,188.2 1 0
github.com/XinFinOrg/XDPoSChain/common/mclock/simclock.go:190.39,194.2 3 6
github.com/XinFinOrg/XDPoSChain/common/mclock/simclock.go:196.44,200.2 3 7
github.com/XinFinOrg/XDPoSChain/common/mclock/simclock.go:202.42,209.2 6 7
github.com/XinFinOrg/XDPoSChain/common/mclock/mclock.go:30.20,32.2 1 0
github.com/XinFinOrg/XDPoSChain/common/mclock/mclock.go:35.47,37.2 1 7
github.com/XinFinOrg/XDPoSChain/common/mclock/mclock.go:40.48,42.2 1 0
github.com/XinFinOrg/XDPoSChain/common/mclock/mclock.go:76.31,78.2 1 0
github.com/XinFinOrg/XDPoSChain/common/mclock/mclock.go:81.40,83.2 1 0
github.com/XinFinOrg/XDPoSChain/common/mclock/mclock.go:86.53,88.32 2 0
github.com/XinFinOrg/XDPoSChain/common/mclock/mclock.go:97.2,97.28 1 0
github.com/XinFinOrg/XDPoSChain/common/mclock/mclock.go:88.32,92.10 1 0
github.com/XinFinOrg/XDPoSChain/common/mclock/mclock.go:93.22,93.22 0 0
github.com/XinFinOrg/XDPoSChain/common/mclock/mclock.go:94.11,94.11 0 0
github.com/XinFinOrg/XDPoSChain/common/mclock/mclock.go:101.55,103.27 2 0
github.com/XinFinOrg/XDPoSChain/common/mclock/mclock.go:104.2,104.11 1 0
github.com/XinFinOrg/XDPoSChain/common/mclock/mclock.go:103.27,103.44 1 0
github.com/XinFinOrg/XDPoSChain/common/mclock/mclock.go:108.60,110.2 1 0
github.com/XinFinOrg/XDPoSChain/common/mclock/mclock.go:117.47,119.2 1 0
github.com/XinFinOrg/XDPoSChain/common/mclock/mclock.go:121.43,123.2 1 0
github.com/XinFinOrg/XDPoSChain/common/number/int.go:29.42,32.2 2 6
github.com/XinFinOrg/XDPoSChain/common/number/int.go:34.40,35.26 1 1
github.com/XinFinOrg/XDPoSChain/common/number/int.go:35.26,37.3 1 1
github.com/XinFinOrg/XDPoSChain/common/number/int.go:37.8,40.3 2 0
github.com/XinFinOrg/XDPoSChain/common/number/int.go:55.64,56.31 1 1
github.com/XinFinOrg/XDPoSChain/common/number/int.go:56.31,58.3 1 4
github.com/XinFinOrg/XDPoSChain/common/number/int.go:62.31,64.2 1 16
github.com/XinFinOrg/XDPoSChain/common/number/int.go:67.30,69.2 1 4
github.com/XinFinOrg/XDPoSChain/common/number/int.go:72.27,73.56 1 0
github.com/XinFinOrg/XDPoSChain/common/number/int.go:73.56,73.68 1 0
github.com/XinFinOrg/XDPoSChain/common/number/int.go:77.44,80.2 2 2
github.com/XinFinOrg/XDPoSChain/common/number/int.go:83.44,86.2 2 2
github.com/XinFinOrg/XDPoSChain/common/number/int.go:89.44,92.2 2 0
github.com/XinFinOrg/XDPoSChain/common/number/int.go:95.44,98.2 2 0
github.com/XinFinOrg/XDPoSChain/common/number/int.go:101.44,104.2 2 0
github.com/XinFinOrg/XDPoSChain/common/number/int.go:107.49,110.2 2 0
github.com/XinFinOrg/XDPoSChain/common/number/int.go:113.44,116.2 2 0
github.com/XinFinOrg/XDPoSChain/common/number/int.go:121.41,124.2 2 2
github.com/XinFinOrg/XDPoSChain/common/number/int.go:127.45,130.2 2 2
github.com/XinFinOrg/XDPoSChain/common/number/int.go:137.37,139.2 1 8
github.com/XinFinOrg/XDPoSChain/common/number/int.go:144.34,146.2 1 0
github.com/XinFinOrg/XDPoSChain/common/number/int.go:149.33,151.2 1 0
github.com/XinFinOrg/XDPoSChain/common/number/int.go:154.34,156.2 1 1
github.com/XinFinOrg/XDPoSChain/common/number/int.go:159.32,161.2 1 1
github.com/XinFinOrg/XDPoSChain/common/number/int.go:164.35,166.2 1 0
github.com/XinFinOrg/XDPoSChain/common/number/int.go:169.36,171.2 1 1
github.com/XinFinOrg/XDPoSChain/common/number/int.go:174.36,175.38 1 0
github.com/XinFinOrg/XDPoSChain/common/number/int.go:181.2,181.23 1 0
github.com/XinFinOrg/XDPoSChain/common/number/int.go:175.38,176.23 1 0
github.com/XinFinOrg/XDPoSChain/common/number/int.go:176.23,178.4 1 0
github.com/XinFinOrg/XDPoSChain/common/prque/lazyqueue.go:55.166,66.2 4 1
github.com/XinFinOrg/XDPoSChain/common/prque/lazyqueue.go:69.29,72.2 2 1
github.com/XinFinOrg/XDPoSChain/common/prque/lazyqueue.go:75.31,77.28 2 1000
github.com/XinFinOrg/XDPoSChain/common/prque/lazyqueue.go:80.2,82.40 3 1000
github.com/XinFinOrg/XDPoSChain/common/prque/lazyqueue.go:77.28,79.3 1 756642
github.com/XinFinOrg/XDPoSChain/common/prque/lazyqueue.go:86.44,88.2 1 1045917
github.com/XinFinOrg/XDPoSChain/common/prque/lazyqueue.go:91.39,93.2 1 271897
github.com/XinFinOrg/XDPoSChain/common/prque/lazyqueue.go:96.48,101.57 2 9958
github.com/XinFinOrg/XDPoSChain/common/prque/lazyqueue.go:106.2,106.24 1 9958
github.com/XinFinOrg/XDPoSChain/common/prque/lazyqueue.go:101.57,105.3 3 9958
github.com/XinFinOrg/XDPoSChain/common/prque/lazyqueue.go:111.37,112.27 1 26336
github.com/XinFinOrg/XDPoSChain/common/prque/lazyqueue.go:118.2,118.27 1 229
github.com/XinFinOrg/XDPoSChain/common/prque/lazyqueue.go:121.2,121.11 1 0
github.com/XinFinOrg/XDPoSChain/common/prque/lazyqueue.go:112.27,113.99 1 26107
github.com/XinFinOrg/XDPoSChain/common/prque/lazyqueue.go:116.3,116.11 1 9437
github.com/XinFinOrg/XDPoSChain/common/prque/lazyqueue.go:113.99,115.4 1 16670
github.com/XinFinOrg/XDPoSChain/common/prque/lazyqueue.go:118.27,120.3 1 229
github.com/XinFinOrg/XDPoSChain/common/prque/lazyqueue.go:127.84,130.22 3 9958
github.com/XinFinOrg/XDPoSChain/common/prque/lazyqueue.go:130.22,134.129 4 16378
github.com/XinFinOrg/XDPoSChain/common/prque/lazyqueue.go:134.129,136.38 2 9958
github.com/XinFinOrg/XDPoSChain/common/prque/lazyqueue.go:136.38,137.31 1 9958
github.com/XinFinOrg/XDPoSChain/common/prque/lazyqueue.go:140.5,140.11 1 9958
github.com/XinFinOrg/XDPoSChain/common/prque/lazyqueue.go:137.31,139.6 1 6420
github.com/XinFinOrg/XDPoSChain/common/prque/lazyqueue.go:147.43,150.2 2 9958
github.com/XinFinOrg/XDPoSChain/common/prque/lazyqueue.go:153.51,154.15 1 271897
github.com/XinFinOrg/XDPoSChain/common/prque/lazyqueue.go:157.2,157.76 1 271897
github.com/XinFinOrg/XDPoSChain/common/prque/lazyqueue.go:154.15,156.3 1 0
github.com/XinFinOrg/XDPoSChain/common/prque/lazyqueue.go:161.34,163.2 1 0
github.com/XinFinOrg/XDPoSChain/common/prque/lazyqueue.go:166.32,168.2 1 0
github.com/XinFinOrg/XDPoSChain/common/prque/lazyqueue.go:171.60,172.17 1 8565526
github.com/XinFinOrg/XDPoSChain/common/prque/lazyqueue.go:172.17,174.3 1 522819
github.com/XinFinOrg/XDPoSChain/common/prque/lazyqueue.go:174.8,176.3 1 8042707
github.com/XinFinOrg/XDPoSChain/common/prque/lazyqueue.go:180.60,182.2 1 8552998
github.com/XinFinOrg/XDPoSChain/common/prque/prque.go:30.44,32.2 1 0
github.com/XinFinOrg/XDPoSChain/common/prque/prque.go:35.56,37.2 1 0
github.com/XinFinOrg/XDPoSChain/common/prque/prque.go:40.45,43.2 2 0
github.com/XinFinOrg/XDPoSChain/common/prque/prque.go:47.44,50.2 2 0
github.com/XinFinOrg/XDPoSChain/common/prque/prque.go:53.39,55.2 1 0
github.com/XinFinOrg/XDPoSChain/common/prque/prque.go:58.43,59.11 1 0
github.com/XinFinOrg/XDPoSChain/common/prque/prque.go:62.2,62.31 1 0
github.com/XinFinOrg/XDPoSChain/common/prque/prque.go:59.11,61.3 1 0
github.com/XinFinOrg/XDPoSChain/common/prque/prque.go:66.30,68.2 1 0
github.com/XinFinOrg/XDPoSChain/common/prque/prque.go:71.28,73.2 1 0
github.com/XinFinOrg/XDPoSChain/common/prque/prque.go:76.25,78.2 1 0
github.com/XinFinOrg/XDPoSChain/common/prque/sstack.go:44.51,51.2 6 3
github.com/XinFinOrg/XDPoSChain/common/prque/sstack.go:55.41,56.26 1 1062295
github.com/XinFinOrg/XDPoSChain/common/prque/sstack.go:65.2,65.23 1 1062295
github.com/XinFinOrg/XDPoSChain/common/prque/sstack.go:68.2,70.10 3 1062295
github.com/XinFinOrg/XDPoSChain/common/prque/sstack.go:56.26,61.3 4 0
github.com/XinFinOrg/XDPoSChain/common/prque/sstack.go:61.8,61.34 1 1062295
github.com/XinFinOrg/XDPoSChain/common/prque/sstack.go:61.34,64.3 2 0
github.com/XinFinOrg/XDPoSChain/common/prque/sstack.go:65.23,67.3 1 1045917
github.com/XinFinOrg/XDPoSChain/common/prque/sstack.go:75.42,78.18 3 1061295
github.com/XinFinOrg/XDPoSChain/common/prque/sstack.go:82.2,83.23 2 1061295
github.com/XinFinOrg/XDPoSChain/common/prque/sstack.go:86.2,86.8 1 1061295
github.com/XinFinOrg/XDPoSChain/common/prque/sstack.go:78.18,81.3 2 0
github.com/XinFinOrg/XDPoSChain/common/prque/sstack.go:83.23,85.3 1 1044917
github.com/XinFinOrg/XDPoSChain/common/prque/sstack.go:90.28,92.2 1 2966660
github.com/XinFinOrg/XDPoSChain/common/prque/sstack.go:96.38,98.2 1 13542872
github.com/XinFinOrg/XDPoSChain/common/prque/sstack.go:101.33,104.23 3 7534603
github.com/XinFinOrg/XDPoSChain/common/prque/sstack.go:108.2,108.43 1 7534603
github.com/XinFinOrg/XDPoSChain/common/prque/sstack.go:104.23,107.3 2 7513845
github.com/XinFinOrg/XDPoSChain/common/prque/sstack.go:112.26,114.2 1 0
github.com/XinFinOrg/XDPoSChain/compression/rle/read_write.go:37.45,40.32 2 4
github.com/XinFinOrg/XDPoSChain/compression/rle/read_write.go:62.2,62.25 1 4
github.com/XinFinOrg/XDPoSChain/compression/rle/read_write.go:40.32,41.22 1 4
github.com/XinFinOrg/XDPoSChain/compression/rle/read_write.go:41.22,42.22 1 4
github.com/XinFinOrg/XDPoSChain/compression/rle/read_write.go:42.22,43.21 1 4
github.com/XinFinOrg/XDPoSChain/compression/rle/read_write.go:53.5,53.8 1 4
github.com/XinFinOrg/XDPoSChain/compression/rle/read_write.go:44.24,45.22 1 1
github.com/XinFinOrg/XDPoSChain/compression/rle/read_write.go:46.28,47.26 1 1
github.com/XinFinOrg/XDPoSChain/compression/rle/read_write.go:48.21,49.26 1 1
github.com/XinFinOrg/XDPoSChain/compression/rle/read_write.go:50.13,51.46 1 1
github.com/XinFinOrg/XDPoSChain/compression/rle/read_write.go:54.10,56.5 1 0
github.com/XinFinOrg/XDPoSChain/compression/rle/read_write.go:57.9,59.4 1 0
github.com/XinFinOrg/XDPoSChain/compression/rle/read_write.go:65.52,66.9 1 0
github.com/XinFinOrg/XDPoSChain/compression/rle/read_write.go:67.23,68.38 1 0
github.com/XinFinOrg/XDPoSChain/compression/rle/read_write.go:69.54,71.32 2 0
github.com/XinFinOrg/XDPoSChain/compression/rle/read_write.go:77.3,77.39 1 0
github.com/XinFinOrg/XDPoSChain/compression/rle/read_write.go:78.22,79.57 1 0
github.com/XinFinOrg/XDPoSChain/compression/rle/read_write.go:84.3,84.14 1 0
github.com/XinFinOrg/XDPoSChain/compression/rle/read_write.go:85.10,86.20 1 0
github.com/XinFinOrg/XDPoSChain/compression/rle/read_write.go:71.32,72.19 1 0
github.com/XinFinOrg/XDPoSChain/compression/rle/read_write.go:75.4,75.7 1 0
github.com/XinFinOrg/XDPoSChain/compression/rle/read_write.go:72.19,73.10 1 0
github.com/XinFinOrg/XDPoSChain/compression/rle/read_write.go:79.57,81.4 1 0
github.com/XinFinOrg/XDPoSChain/compression/rle/read_write.go:81.9,81.72 1 0
github.com/XinFinOrg/XDPoSChain/compression/rle/read_write.go:81.72,83.4 1 0
github.com/XinFinOrg/XDPoSChain/compression/rle/read_write.go:90.34,94.19 3 0
github.com/XinFinOrg/XDPoSChain/compression/rle/read_write.go:100.2,100.20 1 0
github.com/XinFinOrg/XDPoSChain/compression/rle/read_write.go:94.19,98.3 3 0
github.com/XinFinOrg/XDPoSChain/consensus/XDPoS/snapshot.go:62.139,72.33 2 0
github.com/XinFinOrg/XDPoSChain/consensus/XDPoS/snapshot.go:75.2,75.13 1 0
github.com/XinFinOrg/XDPoSChain/consensus/XDPoS/snapshot.go:72.33,74.3 1 0
github.com/XinFinOrg/XDPoSChain/consensus/XDPoS/snapshot.go:79.127,81.16 2 0
github.com/XinFinOrg/XDPoSChain/consensus/XDPoS/snapshot.go:84.2,85.51 2 0
github.com/XinFinOrg/XDPoSChain/consensus/XDPoS/snapshot.go:88.2,91.18 3 0
github.com/XinFinOrg/XDPoSChain/consensus/XDPoS/snapshot.go:81.16,83.3 1 0
github.com/XinFinOrg/XDPoSChain/consensus/XDPoS/snapshot.go:85.51,87.3 1 0
github.com/XinFinOrg/XDPoSChain/consensus/XDPoS/snapshot.go:95.51,97.16 2 0
github.com/XinFinOrg/XDPoSChain/consensus/XDPoS/snapshot.go:100.2,100.61 1 0
github.com/XinFinOrg/XDPoSChain/consensus/XDPoS/snapshot.go:97.16,99.3 1 0
github.com/XinFinOrg/XDPoSChain/consensus/XDPoS/snapshot.go:104.37,115.32 2 0
github.com/XinFinOrg/XDPoSChain/consensus/XDPoS/snapshot.go:118.2,118.39 1 0
github.com/XinFinOrg/XDPoSChain/consensus/XDPoS/snapshot.go:121.2,121.38 1 0
github.com/XinFinOrg/XDPoSChain/consensus/XDPoS/snapshot.go:124.2,126.12 2 0
github.com/XinFinOrg/XDPoSChain/consensus/XDPoS/snapshot.go:115.32,117.3 1 0
github.com/XinFinOrg/XDPoSChain/consensus/XDPoS/snapshot.go:118.39,120.3 1 0
github.com/XinFinOrg/XDPoSChain/consensus/XDPoS/snapshot.go:121.38,123.3 1 0
github.com/XinFinOrg/XDPoSChain/consensus/XDPoS/snapshot.go:131.75,134.2 2 0
github.com/XinFinOrg/XDPoSChain/consensus/XDPoS/snapshot.go:137.70,139.38 1 0
github.com/XinFinOrg/XDPoSChain/consensus/XDPoS/snapshot.go:143.2,143.37 1 0
github.com/XinFinOrg/XDPoSChain/consensus/XDPoS/snapshot.go:149.2,149.13 1 0
github.com/XinFinOrg/XDPoSChain/consensus/XDPoS/snapshot.go:139.38,141.3 1 0
github.com/XinFinOrg/XDPoSChain/consensus/XDPoS/snapshot.go:143.37,146.3 2 0
github.com/XinFinOrg/XDPoSChain/consensus/XDPoS/snapshot.go:146.8,148.3 1 0
github.com/XinFinOrg/XDPoSChain/consensus/XDPoS/snapshot.go:153.72,156.9 2 0
github.com/XinFinOrg/XDPoSChain/consensus/XDPoS/snapshot.go:160.2,160.34 1 0
github.com/XinFinOrg/XDPoSChain/consensus/XDPoS/snapshot.go:164.2,164.21 1 0
github.com/XinFinOrg/XDPoSChain/consensus/XDPoS/snapshot.go:170.2,170.13 1 0
github.com/XinFinOrg/XDPoSChain/consensus/XDPoS/snapshot.go:156.9,158.3 1 0
github.com/XinFinOrg/XDPoSChain/consensus/XDPoS/snapshot.go:160.34,162.3 1 0
github.com/XinFinOrg/XDPoSChain/consensus/XDPoS/snapshot.go:164.21,167.3 2 0
github.com/XinFinOrg/XDPoSChain/consensus/XDPoS/snapshot.go:167.8,169.3 1 0
github.com/XinFinOrg/XDPoSChain/consensus/XDPoS/snapshot.go:175.70,177.23 1 0
github.com/XinFinOrg/XDPoSChain/consensus/XDPoS/snapshot.go:181.2,181.38 1 0
github.com/XinFinOrg/XDPoSChain/consensus/XDPoS/snapshot.go:186.2,186.46 1 0
github.com/XinFinOrg/XDPoSChain/consensus/XDPoS/snapshot.go:190.2,192.33 2 0
github.com/XinFinOrg/XDPoSChain/consensus/XDPoS/snapshot.go:282.2,285.18 3 0
github.com/XinFinOrg/XDPoSChain/consensus/XDPoS/snapshot.go:177.23,179.3 1 0
github.com/XinFinOrg/XDPoSChain/consensus/XDPoS/snapshot.go:181.38,182.67 1 0
github.com/XinFinOrg/XDPoSChain/consensus/XDPoS/snapshot.go:182.67,184.4 1 0
github.com/XinFinOrg/XDPoSChain/consensus/XDPoS/snapshot.go:186.46,188.3 1 0
github.com/XinFinOrg/XDPoSChain/consensus/XDPoS/snapshot.go:192.33,195.33 2 0
github.com/XinFinOrg/XDPoSChain/consensus/XDPoS/snapshot.go:200.3,200.64 1 0
github.com/XinFinOrg/XDPoSChain/consensus/XDPoS/snapshot.go:204.3,205.17 2 0
github.com/XinFinOrg/XDPoSChain/consensus/XDPoS/snapshot.go:217.3,220.35 2 0
github.com/XinFinOrg/XDPoSChain/consensus/XDPoS/snapshot.go:231.3,232.10 2 0
github.com/XinFinOrg/XDPoSChain/consensus/XDPoS/snapshot.go:240.3,240.44 1 0
github.com/XinFinOrg/XDPoSChain/consensus/XDPoS/snapshot.go:249.3,249.78 1 0
github.com/XinFinOrg/XDPoSChain/consensus/XDPoS/snapshot.go:195.33,198.4 2 0
github.com/XinFinOrg/XDPoSChain/consensus/XDPoS/snapshot.go:200.64,202.4 1 0
github.com/XinFinOrg/XDPoSChain/consensus/XDPoS/snapshot.go:205.17,207.4 1 0
github.com/XinFinOrg/XDPoSChain/consensus/XDPoS/snapshot.go:220.35,221.64 1 0
github.com/XinFinOrg/XDPoSChain/consensus/XDPoS/snapshot.go:221.64,227.10 3 0
github.com/XinFinOrg/XDPoSChain/consensus/XDPoS/snapshot.go:233.52,234.20 1 0
github.com/XinFinOrg/XDPoSChain/consensus/XDPoS/snapshot.go:235.52,236.21 1 0
github.com/XinFinOrg/XDPoSChain/consensus/XDPoS/snapshot.go:237.11,238.30 1 0
github.com/XinFinOrg/XDPoSChain/consensus/XDPoS/snapshot.go:240.44,247.4 1 0
github.com/XinFinOrg/XDPoSChain/consensus/XDPoS/snapshot.go:249.78,250.23 1 0
github.com/XinFinOrg/XDPoSChain/consensus/XDPoS/snapshot.go:273.4,273.41 1 0
github.com/XinFinOrg/XDPoSChain/consensus/XDPoS/snapshot.go:279.4,279.39 1 0
github.com/XinFinOrg/XDPoSChain/consensus/XDPoS/snapshot.go:250.23,252.5 1 0
github.com/XinFinOrg/XDPoSChain/consensus/XDPoS/snapshot.go:252.10,256.66 2 0
github.com/XinFinOrg/XDPoSChain/consensus/XDPoS/snapshot.go:260.5,260.42 1 0
github.com/XinFinOrg/XDPoSChain/consensus/XDPoS/snapshot.go:256.66,258.6 1 0
github.com/XinFinOrg/XDPoSChain/consensus/XDPoS/snapshot.go:260.42,261.49 1 0
github.com/XinFinOrg/XDPoSChain/consensus/XDPoS/snapshot.go:261.49,269.7 3 0
github.com/XinFinOrg/XDPoSChain/consensus/XDPoS/snapshot.go:273.41,274.49 1 0
github.com/XinFinOrg/XDPoSChain/consensus/XDPoS/snapshot.go:274.49,277.6 2 0
github.com/XinFinOrg/XDPoSChain/consensus/XDPoS/snapshot.go:289.50,291.32 2 0
github.com/XinFinOrg/XDPoSChain/consensus/XDPoS/snapshot.go:294.2,294.36 1 0
github.com/XinFinOrg/XDPoSChain/consensus/XDPoS/snapshot.go:301.2,301.16 1 0
github.com/XinFinOrg/XDPoSChain/consensus/XDPoS/snapshot.go:291.32,293.3 1 0
github.com/XinFinOrg/XDPoSChain/consensus/XDPoS/snapshot.go:294.36,295.41 1 0
github.com/XinFinOrg/XDPoSChain/consensus/XDPoS/snapshot.go:295.41,296.55 1 0
github.com/XinFinOrg/XDPoSChain/consensus/XDPoS/snapshot.go:296.55,298.5 1 0
github.com/XinFinOrg/XDPoSChain/consensus/XDPoS/snapshot.go:305.70,307.57 2 0
github.com/XinFinOrg/XDPoSChain/consensus/XDPoS/snapshot.go:310.2,310.58 1 0
github.com/XinFinOrg/XDPoSChain/consensus/XDPoS/snapshot.go:307.57,309.3 1 0
github.com/XinFinOrg/XDPoSChain/consensus/XDPoS/XDPoS.go:194.55,216.2 4 0
github.com/XinFinOrg/XDPoSChain/consensus/XDPoS/XDPoS.go:218.55,220.2 1 0
github.com/XinFinOrg/XDPoSChain/consensus/XDPoS/XDPoS.go:223.86,226.49 2 0
github.com/XinFinOrg/XDPoSChain/consensus/XDPoS/XDPoS.go:230.2,230.35 1 0
github.com/XinFinOrg/XDPoSChain/consensus/XDPoS/XDPoS.go:233.2,237.16 3 0
github.com/XinFinOrg/XDPoSChain/consensus/XDPoS/XDPoS.go:240.2,244.20 4 0
github.com/XinFinOrg/XDPoSChain/consensus/XDPoS/XDPoS.go:226.49,228.3 1 0
github.com/XinFinOrg/XDPoSChain/consensus/XDPoS/XDPoS.go:230.35,232.3 1 0
github.com/XinFinOrg/XDPoSChain/consensus/XDPoS/XDPoS.go:237.16,239.3 1 0
github.com/XinFinOrg/XDPoSChain/consensus/XDPoS/XDPoS.go:276.64,279.21 2 0
github.com/XinFinOrg/XDPoSChain/consensus/XDPoS/XDPoS.go:283.2,297.3 6 0
github.com/XinFinOrg/XDPoSChain/consensus/XDPoS/XDPoS.go:279.21,281.3 1 0
github.com/XinFinOrg/XDPoSChain/consensus/XDPoS/XDPoS.go:302.41,324.2 9 0
github.com/XinFinOrg/XDPoSChain/consensus/XDPoS/XDPoS.go:328.70,330.2 1 0
github.com/XinFinOrg/XDPoSChain/consensus/XDPoS/XDPoS.go:333.41,333.60 1 0
github.com/XinFinOrg/XDPoSChain/consensus/XDPoS/XDPoS.go:336.104,338.2 1 0
github.com/XinFinOrg/XDPoSChain/consensus/XDPoS/XDPoS.go:343.138,347.12 3 0
github.com/XinFinOrg/XDPoSChain/consensus/XDPoS/XDPoS.go:358.2,358.23 1 0
github.com/XinFinOrg/XDPoSChain/consensus/XDPoS/XDPoS.go:347.12,348.34 1 0
github.com/XinFinOrg/XDPoSChain/consensus/XDPoS/XDPoS.go:348.34,351.11 2 0
github.com/XinFinOrg/XDPoSChain/consensus/XDPoS/XDPoS.go:352.17,353.11 1 0
github.com/XinFinOrg/XDPoSChain/consensus/XDPoS/XDPoS.go:354.24,354.24 0 0
github.com/XinFinOrg/XDPoSChain/consensus/XDPoS/XDPoS.go:361.138,363.11 2 0
github.com/XinFinOrg/XDPoSChain/consensus/XDPoS/XDPoS.go:366.2,367.16 2 0
github.com/XinFinOrg/XDPoSChain/consensus/XDPoS/XDPoS.go:370.2,370.12 1 0
github.com/XinFinOrg/XDPoSChain/consensus/XDPoS/XDPoS.go:363.11,365.3 1 0
github.com/XinFinOrg/XDPoSChain/consensus/XDPoS/XDPoS.go:367.16,369.3 1 0
github.com/XinFinOrg/XDPoSChain/consensus/XDPoS/XDPoS.go:377.129,379.29 1 0
github.com/XinFinOrg/XDPoSChain/consensus/XDPoS/XDPoS.go:382.2,382.22 1 0
github.com/XinFinOrg/XDPoSChain/consensus/XDPoS/XDPoS.go:385.2,385.26 1 0
github.com/XinFinOrg/XDPoSChain/consensus/XDPoS/XDPoS.go:388.2,389.16 2 0
github.com/XinFinOrg/XDPoSChain/consensus/XDPoS/XDPoS.go:399.2,400.57 2 0
github.com/XinFinOrg/XDPoSChain/consensus/XDPoS/XDPoS.go:405.2,405.98 1 0
github.com/XinFinOrg/XDPoSChain/consensus/XDPoS/XDPoS.go:408.2,408.64 1 0
github.com/XinFinOrg/XDPoSChain/consensus/XDPoS/XDPoS.go:412.2,412.37 1 0
github.com/XinFinOrg/XDPoSChain/consensus/XDPoS/XDPoS.go:415.2,415.47 1 0
github.com/XinFinOrg/XDPoSChain/consensus/XDPoS/XDPoS.go:419.2,420.38 2 0
github.com/XinFinOrg/XDPoSChain/consensus/XDPoS/XDPoS.go:423.2,423.58 1 0
github.com/XinFinOrg/XDPoSChain/consensus/XDPoS/XDPoS.go:427.2,427.41 1 0
github.com/XinFinOrg/XDPoSChain/consensus/XDPoS/XDPoS.go:431.2,431.35 1 0
github.com/XinFinOrg/XDPoSChain/consensus/XDPoS/XDPoS.go:435.2,435.77 1 0
github.com/XinFinOrg/XDPoSChain/consensus/XDPoS/XDPoS.go:439.2,439.68 1 0
github.com/XinFinOrg/XDPoSChain/consensus/XDPoS/XDPoS.go:379.29,381.3 1 0
github.com/XinFinOrg/XDPoSChain/consensus/XDPoS/XDPoS.go:382.22,384.3 1 0
github.com/XinFinOrg/XDPoSChain/consensus/XDPoS/XDPoS.go:385.26,387.3 1 0
github.com/XinFinOrg/XDPoSChain/consensus/XDPoS/XDPoS.go:389.16,390.76 1 0
github.com/XinFinOrg/XDPoSChain/consensus/XDPoS/XDPoS.go:394.3,394.57 1 0
github.com/XinFinOrg/XDPoSChain/consensus/XDPoS/XDPoS.go:390.76,392.4 1 0
github.com/XinFinOrg/XDPoSChain/consensus/XDPoS/XDPoS.go:394.57,396.4 1 0
github.com/XinFinOrg/XDPoSChain/consensus/XDPoS/XDPoS.go:400.57,402.3 1 0
github.com/XinFinOrg/XDPoSChain/consensus/XDPoS/XDPoS.go:405.98,407.3 1 0
github.com/XinFinOrg/XDPoSChain/consensus/XDPoS/XDPoS.go:408.64,410.3 1 0
github.com/XinFinOrg/XDPoSChain/consensus/XDPoS/XDPoS.go:412.37,414.3 1 0
github.com/XinFinOrg/XDPoSChain/consensus/XDPoS/XDPoS.go:415.47,417.3 1 0
github.com/XinFinOrg/XDPoSChain/consensus/XDPoS/XDPoS.go:420.38,422.3 1 0
github.com/XinFinOrg/XDPoSChain/consensus/XDPoS/XDPoS.go:423.58,425.3 1 0
github.com/XinFinOrg/XDPoSChain/consensus/XDPoS/XDPoS.go:427.41,429.3 1 0
github.com/XinFinOrg/XDPoSChain/consensus/XDPoS/XDPoS.go:431.35,433.3 1 0
github.com/XinFinOrg/XDPoSChain/consensus/XDPoS/XDPoS.go:435.77,437.3 1 0
github.com/XinFinOrg/XDPoSChain/consensus/XDPoS/XDPoS.go:446.138,449.17 2 0
github.com/XinFinOrg/XDPoSChain/consensus/XDPoS/XDPoS.go:453.2,454.22 2 0
github.com/XinFinOrg/XDPoSChain/consensus/XDPoS/XDPoS.go:459.2,459.95 1 0
github.com/XinFinOrg/XDPoSChain/consensus/XDPoS/XDPoS.go:462.2,462.65 1 0
github.com/XinFinOrg/XDPoSChain/consensus/XDPoS/XDPoS.go:466.2,466.32 1 0
github.com/XinFinOrg/XDPoSChain/consensus/XDPoS/XDPoS.go:475.2,476.16 2 0
github.com/XinFinOrg/XDPoSChain/consensus/XDPoS/XDPoS.go:480.2,482.16 3 0
github.com/XinFinOrg/XDPoSChain/consensus/XDPoS/XDPoS.go:486.2,487.16 2 0
github.com/XinFinOrg/XDPoSChain/consensus/XDPoS/XDPoS.go:490.2,491.16 2 0
github.com/XinFinOrg/XDPoSChain/consensus/XDPoS/XDPoS.go:495.2,495.12 1 0
github.com/XinFinOrg/XDPoSChain/consensus/XDPoS/XDPoS.go:449.17,451.3 1 0
github.com/XinFinOrg/XDPoSChain/consensus/XDPoS/XDPoS.go:454.22,456.3 1 0
github.com/XinFinOrg/XDPoSChain/consensus/XDPoS/XDPoS.go:456.8,458.3 1 0
github.com/XinFinOrg/XDPoSChain/consensus/XDPoS/XDPoS.go:459.95,461.3 1 0
github.com/XinFinOrg/XDPoSChain/consensus/XDPoS/XDPoS.go:462.65,464.3 1 0
github.com/XinFinOrg/XDPoSChain/consensus/XDPoS/XDPoS.go:466.32,468.3 1 0
github.com/XinFinOrg/XDPoSChain/consensus/XDPoS/XDPoS.go:476.16,478.3 1 0
github.com/XinFinOrg/XDPoSChain/consensus/XDPoS/XDPoS.go:482.16,484.3 1 0
github.com/XinFinOrg/XDPoSChain/consensus/XDPoS/XDPoS.go:487.16,489.3 1 0
github.com/XinFinOrg/XDPoSChain/consensus/XDPoS/XDPoS.go:491.16,493.3 1 0
github.com/XinFinOrg/XDPoSChain/consensus/XDPoS/XDPoS.go:498.125,501.45 2 0
github.com/XinFinOrg/XDPoSChain/consensus/XDPoS/XDPoS.go:504.2,505.60 2 0
github.com/XinFinOrg/XDPoSChain/consensus/XDPoS/XDPoS.go:523.2,524.49 2 0
github.com/XinFinOrg/XDPoSChain/consensus/XDPoS/XDPoS.go:529.2,533.19 4 0
github.com/XinFinOrg/XDPoSChain/consensus/XDPoS/XDPoS.go:537.2,537.28 1 0
github.com/XinFinOrg/XDPoSChain/consensus/XDPoS/XDPoS.go:544.2,544.12 1 0
github.com/XinFinOrg/XDPoSChain/consensus/XDPoS/XDPoS.go:501.45,503.3 1 0
github.com/XinFinOrg/XDPoSChain/consensus/XDPoS/XDPoS.go:505.60,507.49 2 0
github.com/XinFinOrg/XDPoSChain/consensus/XDPoS/XDPoS.go:512.3,512.17 1 0
github.com/XinFinOrg/XDPoSChain/consensus/XDPoS/XDPoS.go:515.3,515.40 1 0
github.com/XinFinOrg/XDPoSChain/consensus/XDPoS/XDPoS.go:518.3,519.52 2 0
github.com/XinFinOrg/XDPoSChain/consensus/XDPoS/XDPoS.go:507.49,509.4 1 0
github.com/XinFinOrg/XDPoSChain/consensus/XDPoS/XDPoS.go:509.9,511.4 1 0
github.com/XinFinOrg/XDPoSChain/consensus/XDPoS/XDPoS.go:512.17,514.4 1 0
github.com/XinFinOrg/XDPoSChain/consensus/XDPoS/XDPoS.go:515.40,517.4 1 0
github.com/XinFinOrg/XDPoSChain/consensus/XDPoS/XDPoS.go:519.52,521.4 1 0
github.com/XinFinOrg/XDPoSChain/consensus/XDPoS/XDPoS.go:524.49,525.40 1 0
github.com/XinFinOrg/XDPoSChain/consensus/XDPoS/XDPoS.go:525.40,527.4 1 0
github.com/XinFinOrg/XDPoSChain/consensus/XDPoS/XDPoS.go:533.19,536.3 2 0
github.com/XinFinOrg/XDPoSChain/consensus/XDPoS/XDPoS.go:537.28,539.17 2 0
github.com/XinFinOrg/XDPoSChain/consensus/XDPoS/XDPoS.go:539.17,541.4 1 0
github.com/XinFinOrg/XDPoSChain/consensus/XDPoS/XDPoS.go:549.79,550.40 1 5
github.com/XinFinOrg/XDPoSChain/consensus/XDPoS/XDPoS.go:553.2,553.40 1 4
github.com/XinFinOrg/XDPoSChain/consensus/XDPoS/XDPoS.go:556.2,556.40 1 4
github.com/XinFinOrg/XDPoSChain/consensus/XDPoS/XDPoS.go:559.2,559.40 1 4
github.com/XinFinOrg/XDPoSChain/consensus/XDPoS/XDPoS.go:550.40,552.3 1 1
github.com/XinFinOrg/XDPoSChain/consensus/XDPoS/XDPoS.go:553.40,555.3 1 6
github.com/XinFinOrg/XDPoSChain/consensus/XDPoS/XDPoS.go:556.40,558.3 1 8
github.com/XinFinOrg/XDPoSChain/consensus/XDPoS/XDPoS.go:562.99,566.16 4 0
github.com/XinFinOrg/XDPoSChain/consensus/XDPoS/XDPoS.go:569.2,569.18 1 0
github.com/XinFinOrg/XDPoSChain/consensus/XDPoS/XDPoS.go:566.16,568.3 1 0
github.com/XinFinOrg/XDPoSChain/consensus/XDPoS/XDPoS.go:572.53,574.2 1 0
github.com/XinFinOrg/XDPoSChain/consensus/XDPoS/XDPoS.go:576.60,577.28 1 0
github.com/XinFinOrg/XDPoSChain/consensus/XDPoS/XDPoS.go:582.2,582.11 1 0
github.com/XinFinOrg/XDPoSChain/consensus/XDPoS/XDPoS.go:577.28,578.16 1 0
github.com/XinFinOrg/XDPoSChain/consensus/XDPoS/XDPoS.go:578.16,580.4 1 0
github.com/XinFinOrg/XDPoSChain/consensus/XDPoS/XDPoS.go:585.100,588.9 3 0
github.com/XinFinOrg/XDPoSChain/consensus/XDPoS/XDPoS.go:589.16,590.60 1 0
github.com/XinFinOrg/XDPoSChain/consensus/XDPoS/XDPoS.go:591.16,593.55 2 0
github.com/XinFinOrg/XDPoSChain/consensus/XDPoS/XDPoS.go:594.10,595.28 1 0
github.com/XinFinOrg/XDPoSChain/consensus/XDPoS/XDPoS.go:599.36,599.62 1 0
github.com/XinFinOrg/XDPoSChain/consensus/XDPoS/XDPoS.go:601.81,602.33 1 0
github.com/XinFinOrg/XDPoSChain/consensus/XDPoS/XDPoS.go:605.2,606.16 2 0
github.com/XinFinOrg/XDPoSChain/consensus/XDPoS/XDPoS.go:609.2,609.15 1 0
github.com/XinFinOrg/XDPoSChain/consensus/XDPoS/XDPoS.go:602.33,604.3 1 0
github.com/XinFinOrg/XDPoSChain/consensus/XDPoS/XDPoS.go:606.16,608.3 1 0
github.com/XinFinOrg/XDPoSChain/consensus/XDPoS/XDPoS.go:612.129,625.16 3 0
github.com/XinFinOrg/XDPoSChain/consensus/XDPoS/XDPoS.go:629.2,629.27 1 0
github.com/XinFinOrg/XDPoSChain/consensus/XDPoS/XDPoS.go:632.2,635.33 3 0
github.com/XinFinOrg/XDPoSChain/consensus/XDPoS/XDPoS.go:642.2,643.24 2 0
github.com/XinFinOrg/XDPoSChain/consensus/XDPoS/XDPoS.go:646.2,646.32 1 0
github.com/XinFinOrg/XDPoSChain/consensus/XDPoS/XDPoS.go:649.2,649.47 1 0
github.com/XinFinOrg/XDPoSChain/consensus/XDPoS/XDPoS.go:652.2,652.57 1 0
github.com/XinFinOrg/XDPoSChain/consensus/XDPoS/XDPoS.go:625.16,628.3 2 0
github.com/XinFinOrg/XDPoSChain/consensus/XDPoS/XDPoS.go:629.27,631.3 1 0
github.com/XinFinOrg/XDPoSChain/consensus/XDPoS/XDPoS.go:635.33,637.17 2 0
github.com/XinFinOrg/XDPoSChain/consensus/XDPoS/XDPoS.go:640.3,640.40 1 0
github.com/XinFinOrg/XDPoSChain/consensus/XDPoS/XDPoS.go:637.17,639.4 1 0
github.com/XinFinOrg/XDPoSChain/consensus/XDPoS/XDPoS.go:643.24,645.3 1 0
github.com/XinFinOrg/XDPoSChain/consensus/XDPoS/XDPoS.go:646.32,648.3 1 0
github.com/XinFinOrg/XDPoSChain/consensus/XDPoS/XDPoS.go:649.47,651.3 1 0
github.com/XinFinOrg/XDPoSChain/consensus/XDPoS/XDPoS.go:656.132,662.18 2 0
github.com/XinFinOrg/XDPoSChain/consensus/XDPoS/XDPoS.go:714.2,714.38 1 0
github.com/XinFinOrg/XDPoSChain/consensus/XDPoS/XDPoS.go:717.2,718.16 2 0
github.com/XinFinOrg/XDPoSChain/consensus/XDPoS/XDPoS.go:721.2,724.52 2 0
github.com/XinFinOrg/XDPoSChain/consensus/XDPoS/XDPoS.go:730.2,730.18 1 0
github.com/XinFinOrg/XDPoSChain/consensus/XDPoS/XDPoS.go:662.18,664.39 1 0
github.com/XinFinOrg/XDPoSChain/consensus/XDPoS/XDPoS.go:670.3,670.48 1 0
github.com/XinFinOrg/XDPoSChain/consensus/XDPoS/XDPoS.go:678.3,678.18 1 0
github.com/XinFinOrg/XDPoSChain/consensus/XDPoS/XDPoS.go:695.3,696.23 2 0
github.com/XinFinOrg/XDPoSChain/consensus/XDPoS/XDPoS.go:710.3,711.45 2 0
github.com/XinFinOrg/XDPoSChain/consensus/XDPoS/XDPoS.go:664.39,666.9 2 0
github.com/XinFinOrg/XDPoSChain/consensus/XDPoS/XDPoS.go:670.48,671.78 1 0
github.com/XinFinOrg/XDPoSChain/consensus/XDPoS/XDPoS.go:671.78,674.10 3 0
github.com/XinFinOrg/XDPoSChain/consensus/XDPoS/XDPoS.go:678.18,680.63 2 0
github.com/XinFinOrg/XDPoSChain/consensus/XDPoS/XDPoS.go:683.4,684.38 2 0
github.com/XinFinOrg/XDPoSChain/consensus/XDPoS/XDPoS.go:687.4,688.43 2 0
github.com/XinFinOrg/XDPoSChain/consensus/XDPoS/XDPoS.go:691.4,692.9 2 0
github.com/XinFinOrg/XDPoSChain/consensus/XDPoS/XDPoS.go:680.63,682.5 1 0
github.com/XinFinOrg/XDPoSChain/consensus/XDPoS/XDPoS.go:684.38,686.5 1 0
github.com/XinFinOrg/XDPoSChain/consensus/XDPoS/XDPoS.go:688.43,690.5 1 0
github.com/XinFinOrg/XDPoSChain/consensus/XDPoS/XDPoS.go:696.23,699.65 2 0
github.com/XinFinOrg/XDPoSChain/consensus/XDPoS/XDPoS.go:702.4,702.38 1 0
github.com/XinFinOrg/XDPoSChain/consensus/XDPoS/XDPoS.go:699.65,701.5 1 0
github.com/XinFinOrg/XDPoSChain/consensus/XDPoS/XDPoS.go:703.9,706.21 2 0
github.com/XinFinOrg/XDPoSChain/consensus/XDPoS/XDPoS.go:706.21,708.5 1 0
github.com/XinFinOrg/XDPoSChain/consensus/XDPoS/XDPoS.go:714.38,716.3 1 0
github.com/XinFinOrg/XDPoSChain/consensus/XDPoS/XDPoS.go:718.16,720.3 1 0
github.com/XinFinOrg/XDPoSChain/consensus/XDPoS/XDPoS.go:724.52,725.41 1 0
github.com/XinFinOrg/XDPoSChain/consensus/XDPoS/XDPoS.go:728.3,728.88 1 0
github.com/XinFinOrg/XDPoSChain/consensus/XDPoS/XDPoS.go:725.41,727.4 1 0
github.com/XinFinOrg/XDPoSChain/consensus/XDPoS/XDPoS.go:735.85,736.29 1 0
github.com/XinFinOrg/XDPoSChain/consensus/XDPoS/XDPoS.go:739.2,739.12 1 0
github.com/XinFinOrg/XDPoSChain/consensus/XDPoS/XDPoS.go:736.29,738.3 1 0
github.com/XinFinOrg/XDPoSChain/consensus/XDPoS/XDPoS.go:744.85,746.2 1 0
github.com/XinFinOrg/XDPoSChain/consensus/XDPoS/XDPoS.go:754.127,757.17 2 0
github.com/XinFinOrg/XDPoSChain/consensus/XDPoS/XDPoS.go:761.2,762.16 2 0
github.com/XinFinOrg/XDPoSChain/consensus/XDPoS/XDPoS.go:767.2,768.16 2 0
github.com/XinFinOrg/XDPoSChain/consensus/XDPoS/XDPoS.go:771.2,772.22 2 0
github.com/XinFinOrg/XDPoSChain/consensus/XDPoS/XDPoS.go:777.2,780.16 3 0
github.com/XinFinOrg/XDPoSChain/consensus/XDPoS/XDPoS.go:785.2,787.32 3 0
github.com/XinFinOrg/XDPoSChain/consensus/XDPoS/XDPoS.go:790.2,791.38 2 0
github.com/XinFinOrg/XDPoSChain/consensus/XDPoS/XDPoS.go:794.2,794.41 1 0
github.com/XinFinOrg/XDPoSChain/consensus/XDPoS/XDPoS.go:807.2,807.26 1 0
github.com/XinFinOrg/XDPoSChain/consensus/XDPoS/XDPoS.go:824.2,824.59 1 0
github.com/XinFinOrg/XDPoSChain/consensus/XDPoS/XDPoS.go:840.2,840.12 1 0
github.com/XinFinOrg/XDPoSChain/consensus/XDPoS/XDPoS.go:757.17,759.3 1 0
github.com/XinFinOrg/XDPoSChain/consensus/XDPoS/XDPoS.go:762.16,764.3 1 0
github.com/XinFinOrg/XDPoSChain/consensus/XDPoS/XDPoS.go:768.16,770.3 1 0
github.com/XinFinOrg/XDPoSChain/consensus/XDPoS/XDPoS.go:772.22,774.3 1 0
github.com/XinFinOrg/XDPoSChain/consensus/XDPoS/XDPoS.go:774.8,776.3 1 0
github.com/XinFinOrg/XDPoSChain/consensus/XDPoS/XDPoS.go:780.16,781.54 1 0
github.com/XinFinOrg/XDPoSChain/consensus/XDPoS/XDPoS.go:781.54,783.4 1 0
github.com/XinFinOrg/XDPoSChain/consensus/XDPoS/XDPoS.go:787.32,789.3 1 0
github.com/XinFinOrg/XDPoSChain/consensus/XDPoS/XDPoS.go:791.38,793.3 1 0
github.com/XinFinOrg/XDPoSChain/consensus/XDPoS/XDPoS.go:794.41,796.33 2 0
github.com/XinFinOrg/XDPoSChain/consensus/XDPoS/XDPoS.go:802.3,802.13 1 0
github.com/XinFinOrg/XDPoSChain/consensus/XDPoS/XDPoS.go:796.33,797.20 1 0
github.com/XinFinOrg/XDPoSChain/consensus/XDPoS/XDPoS.go:797.20,799.10 2 0
github.com/XinFinOrg/XDPoSChain/consensus/XDPoS/XDPoS.go:802.13,805.4 2 0
github.com/XinFinOrg/XDPoSChain/consensus/XDPoS/XDPoS.go:807.26,808.42 1 0
github.com/XinFinOrg/XDPoSChain/consensus/XDPoS/XDPoS.go:808.42,809.25 1 0
github.com/XinFinOrg/XDPoSChain/consensus/XDPoS/XDPoS.go:809.25,812.48 1 0
github.com/XinFinOrg/XDPoSChain/consensus/XDPoS/XDPoS.go:812.48,814.36 1 0
github.com/XinFinOrg/XDPoSChain/consensus/XDPoS/XDPoS.go:814.36,816.7 1 0
github.com/XinFinOrg/XDPoSChain/consensus/XDPoS/XDPoS.go:824.59,826.17 2 0
github.com/XinFinOrg/XDPoSChain/consensus/XDPoS/XDPoS.go:831.3,832.17 2 0
github.com/XinFinOrg/XDPoSChain/consensus/XDPoS/XDPoS.go:835.3,835.37 1 0
github.com/XinFinOrg/XDPoSChain/consensus/XDPoS/XDPoS.go:826.17,828.4 1 0
github.com/XinFinOrg/XDPoSChain/consensus/XDPoS/XDPoS.go:832.17,834.4 1 0
github.com/XinFinOrg/XDPoSChain/consensus/XDPoS/XDPoS.go:835.37,838.4 2 0
github.com/XinFinOrg/XDPoSChain/consensus/XDPoS/XDPoS.go:843.129,847.19 4 0
github.com/XinFinOrg/XDPoSChain/consensus/XDPoS/XDPoS.go:850.2,850.15 1 0
github.com/XinFinOrg/XDPoSChain/consensus/XDPoS/XDPoS.go:853.2,854.21 2 0
github.com/XinFinOrg/XDPoSChain/consensus/XDPoS/XDPoS.go:861.2,862.16 2 0
github.com/XinFinOrg/XDPoSChain/consensus/XDPoS/XDPoS.go:865.2,865.24 1 0
github.com/XinFinOrg/XDPoSChain/consensus/XDPoS/XDPoS.go:847.19,849.3 1 0
github.com/XinFinOrg/XDPoSChain/consensus/XDPoS/XDPoS.go:850.15,852.3 1 0
github.com/XinFinOrg/XDPoSChain/consensus/XDPoS/XDPoS.go:854.21,855.20 1 0
github.com/XinFinOrg/XDPoSChain/consensus/XDPoS/XDPoS.go:855.20,857.4 1 0
github.com/XinFinOrg/XDPoSChain/consensus/XDPoS/XDPoS.go:857.9,859.4 1 0
github.com/XinFinOrg/XDPoSChain/consensus/XDPoS/XDPoS.go:862.16,864.3 1 0
github.com/XinFinOrg/XDPoSChain/consensus/XDPoS/XDPoS.go:870.82,878.16 5 0
github.com/XinFinOrg/XDPoSChain/consensus/XDPoS/XDPoS.go:881.2,881.32 1 0
github.com/XinFinOrg/XDPoSChain/consensus/XDPoS/XDPoS.go:902.2,903.19 2 0
github.com/XinFinOrg/XDPoSChain/consensus/XDPoS/XDPoS.go:907.2,910.37 3 0
github.com/XinFinOrg/XDPoSChain/consensus/XDPoS/XDPoS.go:913.2,915.60 3 0
github.com/XinFinOrg/XDPoSChain/consensus/XDPoS/XDPoS.go:953.2,961.45 4 0
github.com/XinFinOrg/XDPoSChain/consensus/XDPoS/XDPoS.go:964.2,964.12 1 0
github.com/XinFinOrg/XDPoSChain/consensus/XDPoS/XDPoS.go:878.16,880.3 1 0
github.com/XinFinOrg/XDPoSChain/consensus/XDPoS/XDPoS.go:881.32,886.47 3 0
github.com/XinFinOrg/XDPoSChain/consensus/XDPoS/XDPoS.go:892.3,892.25 1 0
github.com/XinFinOrg/XDPoSChain/consensus/XDPoS/XDPoS.go:900.3,900.19 1 0
github.com/XinFinOrg/XDPoSChain/consensus/XDPoS/XDPoS.go:886.47,887.42 1 0
github.com/XinFinOrg/XDPoSChain/consensus/XDPoS/XDPoS.go:887.42,889.5 1 0
github.com/XinFinOrg/XDPoSChain/consensus/XDPoS/XDPoS.go:892.25,894.36 2 0
github.com/XinFinOrg/XDPoSChain/consensus/XDPoS/XDPoS.go:894.36,896.5 1 0
github.com/XinFinOrg/XDPoSChain/consensus/XDPoS/XDPoS.go:896.10,898.5 1 0
github.com/XinFinOrg/XDPoSChain/consensus/XDPoS/XDPoS.go:903.19,905.3 1 0
github.com/XinFinOrg/XDPoSChain/consensus/XDPoS/XDPoS.go:910.37,912.3 1 0
github.com/XinFinOrg/XDPoSChain/consensus/XDPoS/XDPoS.go:915.60,916.61 1 0
github.com/XinFinOrg/XDPoSChain/consensus/XDPoS/XDPoS.go:937.3,937.50 1 0
github.com/XinFinOrg/XDPoSChain/consensus/XDPoS/XDPoS.go:942.3,942.42 1 0
github.com/XinFinOrg/XDPoSChain/consensus/XDPoS/XDPoS.go:945.3,945.29 1 0
github.com/XinFinOrg/XDPoSChain/consensus/XDPoS/XDPoS.go:916.61,919.50 3 0
github.com/XinFinOrg/XDPoSChain/consensus/XDPoS/XDPoS.go:924.4,924.18 1 0
github.com/XinFinOrg/XDPoSChain/consensus/XDPoS/XDPoS.go:927.4,927.31 1 0
github.com/XinFinOrg/XDPoSChain/consensus/XDPoS/XDPoS.go:919.50,921.5 1 0
github.com/XinFinOrg/XDPoSChain/consensus/XDPoS/XDPoS.go:921.10,923.5 1 0
github.com/XinFinOrg/XDPoSChain/consensus/XDPoS/XDPoS.go:924.18,926.5 1 0
github.com/XinFinOrg/XDPoSChain/consensus/XDPoS/XDPoS.go:927.31,930.44 2 0
github.com/XinFinOrg/XDPoSChain/consensus/XDPoS/XDPoS.go:933.5,933.68 1 0
github.com/XinFinOrg/XDPoSChain/consensus/XDPoS/XDPoS.go:930.44,932.6 1 0
github.com/XinFinOrg/XDPoSChain/consensus/XDPoS/XDPoS.go:937.50,938.41 1 0
github.com/XinFinOrg/XDPoSChain/consensus/XDPoS/XDPoS.go:938.41,940.5 1 0
github.com/XinFinOrg/XDPoSChain/consensus/XDPoS/XDPoS.go:942.42,944.4 1 0
github.com/XinFinOrg/XDPoSChain/consensus/XDPoS/XDPoS.go:945.29,947.18 2 0
github.com/XinFinOrg/XDPoSChain/consensus/XDPoS/XDPoS.go:950.4,950.34 1 0
github.com/XinFinOrg/XDPoSChain/consensus/XDPoS/XDPoS.go:947.18,949.5 1 0
github.com/XinFinOrg/XDPoSChain/consensus/XDPoS/XDPoS.go:961.45,963.3 1 0
github.com/XinFinOrg/XDPoSChain/consensus/XDPoS/XDPoS.go:967.109,972.16 4 0
github.com/XinFinOrg/XDPoSChain/consensus/XDPoS/XDPoS.go:975.2,976.23 2 0
github.com/XinFinOrg/XDPoSChain/consensus/XDPoS/XDPoS.go:979.2,981.23 3 0
github.com/XinFinOrg/XDPoSChain/consensus/XDPoS/XDPoS.go:984.2,986.12 3 0
github.com/XinFinOrg/XDPoSChain/consensus/XDPoS/XDPoS.go:972.16,974.3 1 0
github.com/XinFinOrg/XDPoSChain/consensus/XDPoS/XDPoS.go:976.23,978.3 1 0
github.com/XinFinOrg/XDPoSChain/consensus/XDPoS/XDPoS.go:981.23,983.3 1 0
github.com/XinFinOrg/XDPoSChain/consensus/XDPoS/XDPoS.go:991.226,998.52 3 0
github.com/XinFinOrg/XDPoSChain/consensus/XDPoS/XDPoS.go:1015.2,1019.56 3 0
github.com/XinFinOrg/XDPoSChain/consensus/XDPoS/XDPoS.go:998.52,1000.17 2 0
github.com/XinFinOrg/XDPoSChain/consensus/XDPoS/XDPoS.go:1003.3,1003.40 1 0
github.com/XinFinOrg/XDPoSChain/consensus/XDPoS/XDPoS.go:1000.17,1002.4 1 0
github.com/XinFinOrg/XDPoSChain/consensus/XDPoS/XDPoS.go:1003.40,1005.18 2 0
github.com/XinFinOrg/XDPoSChain/consensus/XDPoS/XDPoS.go:1008.4,1008.18 1 0
github.com/XinFinOrg/XDPoSChain/consensus/XDPoS/XDPoS.go:1005.18,1007.5 1 0
github.com/XinFinOrg/XDPoSChain/consensus/XDPoS/XDPoS.go:1008.18,1010.5 1 0
github.com/XinFinOrg/XDPoSChain/consensus/XDPoS/XDPoS.go:1024.74,1030.2 4 0
github.com/XinFinOrg/XDPoSChain/consensus/XDPoS/XDPoS.go:1034.115,1039.17 3 0
github.com/XinFinOrg/XDPoSChain/consensus/XDPoS/XDPoS.go:1044.2,1044.90 1 0
github.com/XinFinOrg/XDPoSChain/consensus/XDPoS/XDPoS.go:1048.2,1054.16 5 0
github.com/XinFinOrg/XDPoSChain/consensus/XDPoS/XDPoS.go:1057.2,1058.56 2 0
github.com/XinFinOrg/XDPoSChain/consensus/XDPoS/XDPoS.go:1072.2,1072.26 1 0
github.com/XinFinOrg/XDPoSChain/consensus/XDPoS/XDPoS.go:1088.2,1088.9 1 0
github.com/XinFinOrg/XDPoSChain/consensus/XDPoS/XDPoS.go:1094.2,1095.16 2 0
github.com/XinFinOrg/XDPoSChain/consensus/XDPoS/XDPoS.go:1098.2,1100.16 3 0
github.com/XinFinOrg/XDPoSChain/consensus/XDPoS/XDPoS.go:1103.2,1103.18 1 0
github.com/XinFinOrg/XDPoSChain/consensus/XDPoS/XDPoS.go:1106.2,1106.36 1 0
github.com/XinFinOrg/XDPoSChain/consensus/XDPoS/XDPoS.go:1039.17,1041.3 1 0
github.com/XinFinOrg/XDPoSChain/consensus/XDPoS/XDPoS.go:1044.90,1046.3 1 0
github.com/XinFinOrg/XDPoSChain/consensus/XDPoS/XDPoS.go:1054.16,1056.3 1 0
github.com/XinFinOrg/XDPoSChain/consensus/XDPoS/XDPoS.go:1058.56,1060.33 2 0
github.com/XinFinOrg/XDPoSChain/consensus/XDPoS/XDPoS.go:1066.3,1066.13 1 0
github.com/XinFinOrg/XDPoSChain/consensus/XDPoS/XDPoS.go:1060.33,1061.19 1 0
github.com/XinFinOrg/XDPoSChain/consensus/XDPoS/XDPoS.go:1061.19,1063.10 2 0
github.com/XinFinOrg/XDPoSChain/consensus/XDPoS/XDPoS.go:1066.13,1068.4 1 0
github.com/XinFinOrg/XDPoSChain/consensus/XDPoS/XDPoS.go:1072.26,1073.42 1 0
[...]
github.com/XinFinOrg/XDPoSChain/core/vm/privacy/bulletproof.go:798.2,798.14 1 1
github.com/XinFinOrg/XDPoSChain/core/vm/privacy/bulletproof.go:784.34,786.3 1 0
github.com/XinFinOrg/XDPoSChain/core/vm/privacy/bulletproof.go:793.43,796.3 2 8
github.com/XinFinOrg/XDPoSChain/core/vm/privacy/bulletproof.go:801.77,802.22 1 1
github.com/XinFinOrg/XDPoSChain/core/vm/privacy/bulletproof.go:805.2,807.16 3 1
github.com/XinFinOrg/XDPoSChain/core/vm/privacy/bulletproof.go:810.2,814.16 4 1
github.com/XinFinOrg/XDPoSChain/core/vm/privacy/bulletproof.go:818.2,821.31 3 1
github.com/XinFinOrg/XDPoSChain/core/vm/privacy/bulletproof.go:825.2,830.47 5 1
github.com/XinFinOrg/XDPoSChain/core/vm/privacy/bulletproof.go:833.2,833.42 1 1
github.com/XinFinOrg/XDPoSChain/core/vm/privacy/bulletproof.go:837.2,837.12 1 1
github.com/XinFinOrg/XDPoSChain/core/vm/privacy/bulletproof.go:802.22,804.3 1 0
github.com/XinFinOrg/XDPoSChain/core/vm/privacy/bulletproof.go:807.16,809.3 1 0
github.com/XinFinOrg/XDPoSChain/core/vm/privacy/bulletproof.go:814.16,816.3 1 0
github.com/XinFinOrg/XDPoSChain/core/vm/privacy/bulletproof.go:821.31,823.3 1 0
github.com/XinFinOrg/XDPoSChain/core/vm/privacy/bulletproof.go:830.47,832.3 1 0
github.com/XinFinOrg/XDPoSChain/core/vm/privacy/bulletproof.go:833.42,836.3 2 8
github.com/XinFinOrg/XDPoSChain/core/vm/privacy/bulletproof.go:840.48,862.35 14 1
github.com/XinFinOrg/XDPoSChain/core/vm/privacy/bulletproof.go:865.2,885.14 13 1
github.com/XinFinOrg/XDPoSChain/core/vm/privacy/bulletproof.go:862.35,864.3 1 0
github.com/XinFinOrg/XDPoSChain/core/vm/privacy/bulletproof.go:888.61,890.16 2 1
github.com/XinFinOrg/XDPoSChain/core/vm/privacy/bulletproof.go:893.2,897.38 3 1
github.com/XinFinOrg/XDPoSChain/core/vm/privacy/bulletproof.go:900.2,901.23 2 1
github.com/XinFinOrg/XDPoSChain/core/vm/privacy/bulletproof.go:904.2,908.23 4 1
github.com/XinFinOrg/XDPoSChain/core/vm/privacy/bulletproof.go:911.2,915.23 4 1
github.com/XinFinOrg/XDPoSChain/core/vm/privacy/bulletproof.go:918.2,922.23 4 1
github.com/XinFinOrg/XDPoSChain/core/vm/privacy/bulletproof.go:925.2,950.12 18 1
github.com/XinFinOrg/XDPoSChain/core/vm/privacy/bulletproof.go:890.16,892.3 1 0
github.com/XinFinOrg/XDPoSChain/core/vm/privacy/bulletproof.go:897.38,899.3 1 0
github.com/XinFinOrg/XDPoSChain/core/vm/privacy/bulletproof.go:901.23,903.3 1 0
github.com/XinFinOrg/XDPoSChain/core/vm/privacy/bulletproof.go:908.23,910.3 1 0
github.com/XinFinOrg/XDPoSChain/core/vm/privacy/bulletproof.go:915.23,917.3 1 0
github.com/XinFinOrg/XDPoSChain/core/vm/privacy/bulletproof.go:922.23,924.3 1 0
github.com/XinFinOrg/XDPoSChain/core/vm/privacy/bulletproof.go:953.65,955.2 1 64
github.com/XinFinOrg/XDPoSChain/core/vm/privacy/bulletproof.go:973.59,980.42 4 17
github.com/XinFinOrg/XDPoSChain/core/vm/privacy/bulletproof.go:984.2,984.26 1 17
github.com/XinFinOrg/XDPoSChain/core/vm/privacy/bulletproof.go:988.2,999.24 7 12
github.com/XinFinOrg/XDPoSChain/core/vm/privacy/bulletproof.go:1030.2,1065.25 19 11
github.com/XinFinOrg/XDPoSChain/core/vm/privacy/bulletproof.go:1072.2,1087.25 9 11
github.com/XinFinOrg/XDPoSChain/core/vm/privacy/bulletproof.go:1095.2,1132.30 19 11
github.com/XinFinOrg/XDPoSChain/core/vm/privacy/bulletproof.go:1138.2,1141.25 3 11
github.com/XinFinOrg/XDPoSChain/core/vm/privacy/bulletproof.go:1147.2,1158.24 8 11
github.com/XinFinOrg/XDPoSChain/core/vm/privacy/bulletproof.go:1162.2,1167.23 3 11
github.com/XinFinOrg/XDPoSChain/core/vm/privacy/bulletproof.go:980.42,982.3 1 12
github.com/XinFinOrg/XDPoSChain/core/vm/privacy/bulletproof.go:984.26,986.3 1 5
github.com/XinFinOrg/XDPoSChain/core/vm/privacy/bulletproof.go:999.24,1001.33 2 35
github.com/XinFinOrg/XDPoSChain/core/vm/privacy/bulletproof.go:1005.3,1005.30 1 35
github.com/XinFinOrg/XDPoSChain/core/vm/privacy/bulletproof.go:1009.3,1009.89 1 34
github.com/XinFinOrg/XDPoSChain/core/vm/privacy/bulletproof.go:1013.3,1023.21 7 34
github.com/XinFinOrg/XDPoSChain/core/vm/privacy/bulletproof.go:1001.33,1003.4 1 0
github.com/XinFinOrg/XDPoSChain/core/vm/privacy/bulletproof.go:1005.30,1007.4 1 1
github.com/XinFinOrg/XDPoSChain/core/vm/privacy/bulletproof.go:1009.89,1011.4 1 0
github.com/XinFinOrg/XDPoSChain/core/vm/privacy/bulletproof.go:1023.21,1026.4 2 2176
github.com/XinFinOrg/XDPoSChain/core/vm/privacy/bulletproof.go:1065.25,1067.37 2 34
github.com/XinFinOrg/XDPoSChain/core/vm/privacy/bulletproof.go:1067.37,1069.4 1 2176
github.com/XinFinOrg/XDPoSChain/core/vm/privacy/bulletproof.go:1087.25,1093.3 2 34
github.com/XinFinOrg/XDPoSChain/core/vm/privacy/bulletproof.go:1132.30,1136.3 3 0
github.com/XinFinOrg/XDPoSChain/core/vm/privacy/bulletproof.go:1141.25,1145.3 3 34
github.com/XinFinOrg/XDPoSChain/core/vm/privacy/bulletproof.go:1158.24,1160.3 1 2176
github.com/XinFinOrg/XDPoSChain/core/vm/privacy/bulletproof.go:1174.43,1189.25 5 8
github.com/XinFinOrg/XDPoSChain/core/vm/privacy/bulletproof.go:1196.2,1200.25 3 8
github.com/XinFinOrg/XDPoSChain/core/vm/privacy/bulletproof.go:1209.2,1217.25 3 8
github.com/XinFinOrg/XDPoSChain/core/vm/privacy/bulletproof.go:1223.2,1233.25 6 8
github.com/XinFinOrg/XDPoSChain/core/vm/privacy/bulletproof.go:1239.2,1243.21 2 8
github.com/XinFinOrg/XDPoSChain/core/vm/privacy/bulletproof.go:1248.2,1250.24 3 8
github.com/XinFinOrg/XDPoSChain/core/vm/privacy/bulletproof.go:1254.2,1259.24 4 8
github.com/XinFinOrg/XDPoSChain/core/vm/privacy/bulletproof.go:1264.2,1264.25 1 8
github.com/XinFinOrg/XDPoSChain/core/vm/privacy/bulletproof.go:1275.2,1278.71 2 8
github.com/XinFinOrg/XDPoSChain/core/vm/privacy/bulletproof.go:1283.2,1283.13 1 8
github.com/XinFinOrg/XDPoSChain/core/vm/privacy/bulletproof.go:1189.25,1192.3 2 0
github.com/XinFinOrg/XDPoSChain/core/vm/privacy/bulletproof.go:1200.25,1203.3 2 0
github.com/XinFinOrg/XDPoSChain/core/vm/privacy/bulletproof.go:1217.25,1220.3 2 0
github.com/XinFinOrg/XDPoSChain/core/vm/privacy/bulletproof.go:1233.25,1235.3 1 21
github.com/XinFinOrg/XDPoSChain/core/vm/privacy/bulletproof.go:1243.21,1246.3 2 0
github.com/XinFinOrg/XDPoSChain/core/vm/privacy/bulletproof.go:1250.24,1252.3 1 1344
github.com/XinFinOrg/XDPoSChain/core/vm/privacy/bulletproof.go:1259.24,1262.3 2 1344
github.com/XinFinOrg/XDPoSChain/core/vm/privacy/bulletproof.go:1264.25,1265.37 1 21
github.com/XinFinOrg/XDPoSChain/core/vm/privacy/bulletproof.go:1265.37,1270.4 4 1344
github.com/XinFinOrg/XDPoSChain/core/vm/privacy/bulletproof.go:1278.71,1281.3 2 0
github.com/XinFinOrg/XDPoSChain/core/vm/privacy/bulletproof.go:1288.45,1299.28 10 0
github.com/XinFinOrg/XDPoSChain/core/vm/privacy/bulletproof.go:1332.2,1341.6 1 0
github.com/XinFinOrg/XDPoSChain/core/vm/privacy/bulletproof.go:1299.28,1304.38 4 0
github.com/XinFinOrg/XDPoSChain/core/vm/privacy/bulletproof.go:1308.3,1309.17 2 0
github.com/XinFinOrg/XDPoSChain/core/vm/privacy/bulletproof.go:1329.3,1329.9 1 0
github.com/XinFinOrg/XDPoSChain/core/vm/privacy/bulletproof.go:1304.38,1306.4 1 0
github.com/XinFinOrg/XDPoSChain/core/vm/privacy/bulletproof.go:1309.17,1310.24 1 0
github.com/XinFinOrg/XDPoSChain/core/vm/privacy/bulletproof.go:1327.4,1327.18 1 0
github.com/XinFinOrg/XDPoSChain/core/vm/privacy/bulletproof.go:1310.24,1313.5 1 0
github.com/XinFinOrg/XDPoSChain/core/vm/privacy/bulletproof.go:1313.10,1313.33 1 0
github.com/XinFinOrg/XDPoSChain/core/vm/privacy/bulletproof.go:1313.33,1316.5 1 0
github.com/XinFinOrg/XDPoSChain/core/vm/privacy/bulletproof.go:1316.10,1316.33 1 0
github.com/XinFinOrg/XDPoSChain/core/vm/privacy/bulletproof.go:1316.33,1318.5 1 0
github.com/XinFinOrg/XDPoSChain/core/vm/privacy/bulletproof.go:1318.10,1319.25 1 0
github.com/XinFinOrg/XDPoSChain/core/vm/privacy/bulletproof.go:1319.25,1322.6 1 0
github.com/XinFinOrg/XDPoSChain/core/vm/privacy/bulletproof.go:1322.11,1325.6 1 0
github.com/XinFinOrg/XDPoSChain/core/vm/privacy/bulletproof.go:1344.45,1359.12 10 30
github.com/XinFinOrg/XDPoSChain/core/vm/privacy/bulletproof.go:1369.2,1382.6 2 30
github.com/XinFinOrg/XDPoSChain/core/vm/privacy/bulletproof.go:1359.12,1367.3 3 3742
github.com/XinFinOrg/XDPoSChain/core/vm/privacy/bulletproof.go:1385.13,1397.2 1 1
github.com/XinFinOrg/XDPoSChain/core/vm/privacy/ringct.go:62.45,64.2 1 0
github.com/XinFinOrg/XDPoSChain/core/vm/privacy/ringct.go:66.46,68.2 0 0
github.com/XinFinOrg/XDPoSChain/core/vm/privacy/ringct.go:71.35,73.2 1 0
github.com/XinFinOrg/XDPoSChain/core/vm/privacy/ringct.go:75.29,77.2 1 225
github.com/XinFinOrg/XDPoSChain/core/vm/privacy/ringct.go:80.53,83.16 3 75
github.com/XinFinOrg/XDPoSChain/core/vm/privacy/ringct.go:86.2,87.48 2 75
github.com/XinFinOrg/XDPoSChain/core/vm/privacy/ringct.go:83.16,85.3 1 34
github.com/XinFinOrg/XDPoSChain/core/vm/privacy/ringct.go:90.77,105.22 9 75
github.com/XinFinOrg/XDPoSChain/core/vm/privacy/ringct.go:108.2,108.22 1 75
github.com/XinFinOrg/XDPoSChain/core/vm/privacy/ringct.go:111.2,111.38 1 75
github.com/XinFinOrg/XDPoSChain/core/vm/privacy/ringct.go:105.22,107.3 1 42
github.com/XinFinOrg/XDPoSChain/core/vm/privacy/ringct.go:108.22,110.3 1 0
github.com/XinFinOrg/XDPoSChain/core/vm/privacy/ringct.go:115.34,116.24 1 0
github.com/XinFinOrg/XDPoSChain/core/vm/privacy/ringct.go:120.2,120.8 1 0
github.com/XinFinOrg/XDPoSChain/core/vm/privacy/ringct.go:116.24,119.3 2 0
github.com/XinFinOrg/XDPoSChain/core/vm/privacy/ringct.go:123.43,125.6 2 2278
github.com/XinFinOrg/XDPoSChain/core/vm/privacy/ringct.go:125.6,126.21 1 2281
github.com/XinFinOrg/XDPoSChain/core/vm/privacy/ringct.go:129.3,129.34 1 3
github.com/XinFinOrg/XDPoSChain/core/vm/privacy/ringct.go:126.21,128.4 1 2278
github.com/XinFinOrg/XDPoSChain/core/vm/privacy/ringct.go:135.53,149.33 10 1
github.com/XinFinOrg/XDPoSChain/core/vm/privacy/ringct.go:155.2,155.33 1 1
github.com/XinFinOrg/XDPoSChain/core/vm/privacy/ringct.go:163.2,163.33 1 1
github.com/XinFinOrg/XDPoSChain/core/vm/privacy/ringct.go:169.2,169.65 1 1
github.com/XinFinOrg/XDPoSChain/core/vm/privacy/ringct.go:173.2,173.17 1 1
github.com/XinFinOrg/XDPoSChain/core/vm/privacy/ringct.go:149.33,151.31 1 5
github.com/XinFinOrg/XDPoSChain/core/vm/privacy/ringct.go:151.31,153.4 1 50
github.com/XinFinOrg/XDPoSChain/core/vm/privacy/ringct.go:155.33,157.31 1 5
github.com/XinFinOrg/XDPoSChain/core/vm/privacy/ringct.go:157.31,160.4 2 50
github.com/XinFinOrg/XDPoSChain/core/vm/privacy/ringct.go:163.33,167.3 2 5
github.com/XinFinOrg/XDPoSChain/core/vm/privacy/ringct.go:169.65,171.3 1 0
github.com/XinFinOrg/XDPoSChain/core/vm/privacy/ringct.go:176.58,178.2 1 1
github.com/XinFinOrg/XDPoSChain/core/vm/privacy/ringct.go:181.52,182.17 1 1
github.com/XinFinOrg/XDPoSChain/core/vm/privacy/ringct.go:185.2,200.59 13 1
github.com/XinFinOrg/XDPoSChain/core/vm/privacy/ringct.go:204.2,215.35 9 1
github.com/XinFinOrg/XDPoSChain/core/vm/privacy/ringct.go:223.2,226.35 3 1
github.com/XinFinOrg/XDPoSChain/core/vm/privacy/ringct.go:236.2,237.35 2 1
github.com/XinFinOrg/XDPoSChain/core/vm/privacy/ringct.go:244.2,246.17 2 1
github.com/XinFinOrg/XDPoSChain/core/vm/privacy/ringct.go:182.17,184.3 1 0
github.com/XinFinOrg/XDPoSChain/core/vm/privacy/ringct.go:200.59,202.3 1 0
github.com/XinFinOrg/XDPoSChain/core/vm/privacy/ringct.go:215.35,217.33 2 5
github.com/XinFinOrg/XDPoSChain/core/vm/privacy/ringct.go:217.33,220.4 2 50
github.com/XinFinOrg/XDPoSChain/core/vm/privacy/ringct.go:226.35,228.33 2 5
github.com/XinFinOrg/XDPoSChain/core/vm/privacy/ringct.go:228.33,233.4 4 50
github.com/XinFinOrg/XDPoSChain/core/vm/privacy/ringct.go:237.35,242.3 4 5
github.com/XinFinOrg/XDPoSChain/core/vm/privacy/ringct.go:251.104,256.19 4 0
github.com/XinFinOrg/XDPoSChain/core/vm/privacy/ringct.go:260.2,261.28 2 0
github.com/XinFinOrg/XDPoSChain/core/vm/privacy/ringct.go:266.2,266.22 1 0
github.com/XinFinOrg/XDPoSChain/core/vm/privacy/ringct.go:256.19,258.3 1 0
github.com/XinFinOrg/XDPoSChain/core/vm/privacy/ringct.go:261.28,264.3 2 0
github.com/XinFinOrg/XDPoSChain/core/vm/privacy/ringct.go:271.92,275.19 3 5
github.com/XinFinOrg/XDPoSChain/core/vm/privacy/ringct.go:279.2,281.28 2 5
github.com/XinFinOrg/XDPoSChain/core/vm/privacy/ringct.go:292.2,292.18 1 5
github.com/XinFinOrg/XDPoSChain/core/vm/privacy/ringct.go:275.19,277.3 1 0
github.com/XinFinOrg/XDPoSChain/core/vm/privacy/ringct.go:281.28,284.17 3 45
github.com/XinFinOrg/XDPoSChain/core/vm/privacy/ringct.go:288.3,289.37 2 45
github.com/XinFinOrg/XDPoSChain/core/vm/privacy/ringct.go:284.17,286.4 1 0
github.com/XinFinOrg/XDPoSChain/core/vm/privacy/ringct.go:297.62,310.2 7 5
github.com/XinFinOrg/XDPoSChain/core/vm/privacy/ringct.go:312.57,318.2 5 105
github.com/XinFinOrg/XDPoSChain/core/vm/privacy/ringct.go:325.98,327.17 2 1
github.com/XinFinOrg/XDPoSChain/core/vm/privacy/ringct.go:331.2,332.18 2 1
github.com/XinFinOrg/XDPoSChain/core/vm/privacy/ringct.go:340.2,341.31 2 1
github.com/XinFinOrg/XDPoSChain/core/vm/privacy/ringct.go:344.2,353.31 8 1
github.com/XinFinOrg/XDPoSChain/core/vm/privacy/ringct.go:360.2,361.31 2 1
github.com/XinFinOrg/XDPoSChain/core/vm/privacy/ringct.go:364.2,370.31 4 1
github.com/XinFinOrg/XDPoSChain/core/vm/privacy/ringct.go:375.2,375.31 1 1
github.com/XinFinOrg/XDPoSChain/core/vm/privacy/ringct.go:387.2,389.31 3 1
github.com/XinFinOrg/XDPoSChain/core/vm/privacy/ringct.go:393.2,397.31 3 1
github.com/XinFinOrg/XDPoSChain/core/vm/privacy/ringct.go:418.2,420.21 3 1
github.com/XinFinOrg/XDPoSChain/core/vm/privacy/ringct.go:423.2,423.14 1 1
github.com/XinFinOrg/XDPoSChain/core/vm/privacy/ringct.go:428.2,428.15 1 1
github.com/XinFinOrg/XDPoSChain/core/vm/privacy/ringct.go:465.2,465.31 1 1
github.com/XinFinOrg/XDPoSChain/core/vm/privacy/ringct.go:472.2,478.17 6 1
github.com/XinFinOrg/XDPoSChain/core/vm/privacy/ringct.go:327.17,329.3 1 0
github.com/XinFinOrg/XDPoSChain/core/vm/privacy/ringct.go:332.18,334.3 1 0
github.com/XinFinOrg/XDPoSChain/core/vm/privacy/ringct.go:334.8,334.35 1 1
github.com/XinFinOrg/XDPoSChain/core/vm/privacy/ringct.go:334.35,336.3 1 0
github.com/XinFinOrg/XDPoSChain/core/vm/privacy/ringct.go:341.31,343.3 1 5
github.com/XinFinOrg/XDPoSChain/core/vm/privacy/ringct.go:353.31,354.32 1 5
github.com/XinFinOrg/XDPoSChain/core/vm/privacy/ringct.go:354.32,356.4 1 0
github.com/XinFinOrg/XDPoSChain/core/vm/privacy/ringct.go:361.31,363.3 1 5
github.com/XinFinOrg/XDPoSChain/core/vm/privacy/ringct.go:370.31,372.3 1 5
github.com/XinFinOrg/XDPoSChain/core/vm/privacy/ringct.go:375.31,376.33 1 5
github.com/XinFinOrg/XDPoSChain/core/vm/privacy/ringct.go:376.33,377.14 1 50
github.com/XinFinOrg/XDPoSChain/core/vm/privacy/ringct.go:377.14,379.19 2 45
github.com/XinFinOrg/XDPoSChain/core/vm/privacy/ringct.go:382.5,382.30 1 45
github.com/XinFinOrg/XDPoSChain/core/vm/privacy/ringct.go:379.19,381.6 1 0
github.com/XinFinOrg/XDPoSChain/core/vm/privacy/ringct.go:389.31,392.3 2 5
github.com/XinFinOrg/XDPoSChain/core/vm/privacy/ringct.go:397.31,399.17 2 5
github.com/XinFinOrg/XDPoSChain/core/vm/privacy/ringct.go:402.3,414.23 10 5
github.com/XinFinOrg/XDPoSChain/core/vm/privacy/ringct.go:399.17,401.4 1 0
github.com/XinFinOrg/XDPoSChain/core/vm/privacy/ringct.go:420.21,422.3 1 1
github.com/XinFinOrg/XDPoSChain/core/vm/privacy/ringct.go:423.14,425.3 1 1
github.com/XinFinOrg/XDPoSChain/core/vm/privacy/ringct.go:425.8,427.3 1 0
github.com/XinFinOrg/XDPoSChain/core/vm/privacy/ringct.go:428.15,430.32 2 9
github.com/XinFinOrg/XDPoSChain/core/vm/privacy/ringct.go:449.3,450.22 2 9
github.com/XinFinOrg/XDPoSChain/core/vm/privacy/ringct.go:454.3,455.15 2 9
github.com/XinFinOrg/XDPoSChain/core/vm/privacy/ringct.go:460.3,461.44 2 9
github.com/XinFinOrg/XDPoSChain/core/vm/privacy/ringct.go:430.32,447.4 13 45
github.com/XinFinOrg/XDPoSChain/core/vm/privacy/ringct.go:450.22,452.4 1 0
github.com/XinFinOrg/XDPoSChain/core/vm/privacy/ringct.go:455.15,457.4 1 0
github.com/XinFinOrg/XDPoSChain/core/vm/privacy/ringct.go:457.9,459.4 1 9
github.com/XinFinOrg/XDPoSChain/core/vm/privacy/ringct.go:465.31,469.3 2 5
github.com/XinFinOrg/XDPoSChain/core/vm/privacy/ringct.go:483.54,497.32 9 1
github.com/XinFinOrg/XDPoSChain/core/vm/privacy/ringct.go:533.2,533.56 1 1
github.com/XinFinOrg/XDPoSChain/core/vm/privacy/ringct.go:497.32,499.32 2 10
github.com/XinFinOrg/XDPoSChain/core/vm/privacy/ringct.go:522.3,528.41 2 10
github.com/XinFinOrg/XDPoSChain/core/vm/privacy/ringct.go:499.32,518.4 11 50
github.com/XinFinOrg/XDPoSChain/core/vm/privacy/ringct.go:536.60,537.36 1 0
github.com/XinFinOrg/XDPoSChain/core/vm/privacy/ringct.go:544.2,544.14 1 0
github.com/XinFinOrg/XDPoSChain/core/vm/privacy/ringct.go:537.36,538.37 1 0
github.com/XinFinOrg/XDPoSChain/core/vm/privacy/ringct.go:538.37,539.68 1 0
github.com/XinFinOrg/XDPoSChain/core/vm/privacy/ringct.go:539.68,541.5 1 0
github.com/XinFinOrg/XDPoSChain/core/vm/privacy/ringct.go:548.132,549.31 1 1
github.com/XinFinOrg/XDPoSChain/core/vm/privacy/ringct.go:563.2,564.16 2 1
github.com/XinFinOrg/XDPoSChain/core/vm/privacy/ringct.go:567.2,567.32 1 1
github.com/XinFinOrg/XDPoSChain/core/vm/privacy/ringct.go:549.31,551.17 2 5
github.com/XinFinOrg/XDPoSChain/core/vm/privacy/ringct.go:554.3,557.17 3 5
github.com/XinFinOrg/XDPoSChain/core/vm/privacy/ringct.go:560.3,560.30 1 5
github.com/XinFinOrg/XDPoSChain/core/vm/privacy/ringct.go:551.17,553.4 1 0
github.com/XinFinOrg/XDPoSChain/core/vm/privacy/ringct.go:557.17,559.4 1 0
github.com/XinFinOrg/XDPoSChain/core/vm/privacy/ringct.go:564.16,566.3 1 0
github.com/XinFinOrg/XDPoSChain/core/vm/privacy/ringct.go:570.41,579.16 6 0
github.com/XinFinOrg/XDPoSChain/core/vm/privacy/ringct.go:584.2,585.16 2 0
github.com/XinFinOrg/XDPoSChain/core/vm/privacy/ringct.go:589.2,590.16 2 0
github.com/XinFinOrg/XDPoSChain/core/vm/privacy/ringct.go:593.2,594.15 2 0
github.com/XinFinOrg/XDPoSChain/core/vm/privacy/ringct.go:599.2,599.23 1 0
github.com/XinFinOrg/XDPoSChain/core/vm/privacy/ringct.go:579.16,582.3 2 0
github.com/XinFinOrg/XDPoSChain/core/vm/privacy/ringct.go:585.16,587.3 1 0
github.com/XinFinOrg/XDPoSChain/core/vm/privacy/ringct.go:590.16,592.3 1 0
github.com/XinFinOrg/XDPoSChain/core/vm/privacy/ringct.go:594.15,597.3 2 0
github.com/XinFinOrg/XDPoSChain/core/vm/runtime/env.go:24.34,39.2 2 5
github.com/XinFinOrg/XDPoSChain/core/vm/runtime/runtime.go:52.31,53.28 1 6
github.com/XinFinOrg/XDPoSChain/core/vm/runtime/runtime.go:65.2,65.27 1 6
github.com/XinFinOrg/XDPoSChain/core/vm/runtime/runtime.go:68.2,68.21 1 6
github.com/XinFinOrg/XDPoSChain/core/vm/runtime/runtime.go:71.2,71.23 1 6
github.com/XinFinOrg/XDPoSChain/core/vm/runtime/runtime.go:74.2,74.25 1 6
github.com/XinFinOrg/XDPoSChain/core/vm/runtime/runtime.go:77.2,77.22 1 6
github.com/XinFinOrg/XDPoSChain/core/vm/runtime/runtime.go:80.2,80.28 1 6
github.com/XinFinOrg/XDPoSChain/core/vm/runtime/runtime.go:83.2,83.26 1 6
github.com/XinFinOrg/XDPoSChain/core/vm/runtime/runtime.go:53.28,63.3 1 6
github.com/XinFinOrg/XDPoSChain/core/vm/runtime/runtime.go:65.27,67.3 1 6
github.com/XinFinOrg/XDPoSChain/core/vm/runtime/runtime.go:68.21,70.3 1 6
github.com/XinFinOrg/XDPoSChain/core/vm/runtime/runtime.go:71.23,73.3 1 6
github.com/XinFinOrg/XDPoSChain/core/vm/runtime/runtime.go:74.25,76.3 1 6
github.com/XinFinOrg/XDPoSChain/core/vm/runtime/runtime.go:77.22,79.3 1 6
github.com/XinFinOrg/XDPoSChain/core/vm/runtime/runtime.go:80.28,82.3 1 5
github.com/XinFinOrg/XDPoSChain/core/vm/runtime/runtime.go:83.26,84.46 1 5
github.com/XinFinOrg/XDPoSChain/core/vm/runtime/runtime.go:84.46,86.4 1 0
github.com/XinFinOrg/XDPoSChain/core/vm/runtime/runtime.go:95.79,96.16 1 4
github.com/XinFinOrg/XDPoSChain/core/vm/runtime/runtime.go:99.2,101.22 2 4
github.com/XinFinOrg/XDPoSChain/core/vm/runtime/runtime.go:105.2,122.28 5 4
github.com/XinFinOrg/XDPoSChain/core/vm/runtime/runtime.go:96.16,98.3 1 3
github.com/XinFinOrg/XDPoSChain/core/vm/runtime/runtime.go:101.22,104.3 2 4
github.com/XinFinOrg/XDPoSChain/core/vm/runtime/runtime.go:126.80,127.16 1 0
github.com/XinFinOrg/XDPoSChain/core/vm/runtime/runtime.go:130.2,132.22 2 0
github.com/XinFinOrg/XDPoSChain/core/vm/runtime/runtime.go:136.2,148.40 3 0
github.com/XinFinOrg/XDPoSChain/core/vm/runtime/runtime.go:127.16,129.3 1 0
github.com/XinFinOrg/XDPoSChain/core/vm/runtime/runtime.go:132.22,135.3 2 0
github.com/XinFinOrg/XDPoSChain/core/vm/runtime/runtime.go:156.86,172.2 5 1
